#
# A fatal error has been detected by the Java Runtime Environment:
#
#  EXCEPTION_ACCESS_VIOLATION (0xc0000005) at pc=0x0000000066b26440, pid=1908, tid=9972
#
# JRE version: OpenJDK Runtime Environment (22.0.2+9) (build 22.0.2+9-70)
# Java VM: OpenJDK 64-Bit Server VM (22.0.2+9-70, mixed mode, sharing, tiered, compressed oops, compressed class ptrs, g1 gc, windows-amd64)
# Problematic frame:
# C  [gdx-box2d64.dll+0x26440]
#
# No core dump will be written. Minidumps are not enabled by default on client versions of Windows
#
# If you would like to submit a bug report, please visit:
#   https://bugreport.java.com/bugreport/crash.jsp
# The crash happened outside the Java Virtual Machine in native code.
# See problematic frame for where to report the bug.
#

---------------  S U M M A R Y ------------

Command Line: -Dfile.encoding=UTF-8 -Duser.country=IN -Duser.language=en -Duser.variant github.com.lwjgl3.Lwjgl3Launcher

Host: 12th Gen Intel(R) Core(TM) i5-12500H, 16 cores, 15G,  Windows 11 , 64 bit Build 22621 (10.0.22621.4391)
Time: Fri Nov 29 23:59:42 2024 India Standard Time elapsed time: 6.960864 seconds (0d 0h 0m 6s)

---------------  T H R E A D  ---------------

Current thread (0x000001c6d56af720):  JavaThread "pool-2-thread-1"        [_thread_in_native, id=9972, stack(0x0000009541800000,0x0000009541900000) (1024K)]

Stack: [0x0000009541800000,0x0000009541900000],  sp=0x00000095418ff2c8,  free space=1020k
Native frames: (J=compiled Java code, j=interpreted, Vv=VM code, C=native code)
C  [gdx-box2d64.dll+0x26440]  (no source info available)
C  0x000001c68745cfc7  (no source info available)

The last pc belongs to native method entry point (kind = native) (printed below).
Java frames: (J=compiled Java code, j=interpreted, Vv=VM code)
j  com.badlogic.gdx.physics.box2d.World.jniGetBodyCount(J)I+0
j  com.badlogic.gdx.physics.box2d.World.getBodyCount()I+5
j  github.com.Game_Classes.Piggy.kill(Ljava/util/ArrayList;)V+25
j  github.com.Game_Classes.Piggy.lambda$OnHit$0(Ljava/util/ArrayList;)V+6
j  github.com.Game_Classes.Piggy$$Lambda+0x000001c6900b8cf0.run()V+8
j  java.util.concurrent.Executors$RunnableAdapter.call()Ljava/lang/Object;+4 java.base@22.0.2
j  java.util.concurrent.FutureTask.run()V+39 java.base@22.0.2
j  java.util.concurrent.ScheduledThreadPoolExecutor$ScheduledFutureTask.run()V+28 java.base@22.0.2
j  java.util.concurrent.ThreadPoolExecutor.runWorker(Ljava/util/concurrent/ThreadPoolExecutor$Worker;)V+92 java.base@22.0.2
j  java.util.concurrent.ThreadPoolExecutor$Worker.run()V+5 java.base@22.0.2
j  java.lang.Thread.runWith(Ljava/lang/Object;Ljava/lang/Runnable;)V+5 java.base@22.0.2
j  java.lang.Thread.run()V+19 java.base@22.0.2
v  ~StubRoutines::call_stub 0x000001c68745100d

siginfo: EXCEPTION_ACCESS_VIOLATION (0xc0000005), reading address 0x000001c6d7b130c0


Registers:
RAX=0x0000000066b26440, RBX=0x000001c6d08f67f8, RCX=0x000001c6d56afae0, RDX=0x00000095418ff388
RSP=0x00000095418ff2c8, RBP=0x00000095418ff358, RSI=0x0000000714653180, RDI=0x0000000000000000
R8 =0x000001c6d7af9d90, R9 =0x0000000000000004, R10=0x000001c68745cf98, R11=0x0000000000000102
R12=0x0000000000000000, R13=0x000001c6d08f67f8, R14=0x00000095418ff388, R15=0x000001c6d56af720
RIP=0x0000000066b26440, EFLAGS=0x0000000000010287


Register to memory mapping:

RAX=0x0000000066b26440 gdx-box2d64.dll
RBX={method} {0x000001c6d08f6800} 'jniGetBodyCount' '(J)I' in 'com/badlogic/gdx/physics/box2d/World'
RCX=0x000001c6d56afae0 points into unknown readable memory: 0x00007ffb19aeeac0 | c0 ea ae 19 fb 7f 00 00
RDX=0x00000095418ff388 is pointing into the stack for thread: 0x000001c6d56af720
RSP=0x00000095418ff2c8 is pointing into the stack for thread: 0x000001c6d56af720
RBP=0x00000095418ff358 is pointing into the stack for thread: 0x000001c6d56af720
RSI=0x0000000714653180 is an oop: java.lang.Thread 
{0x0000000714653180} - klass: 'java/lang/Thread'
 - ---- fields (total size 15 words):
 - 'threadLocalRandomProbe' 'I' @12  0 (0x00000000)
 - private volatile 'eetop' 'J' @16  1953495709472 (0x000001c6d56af720)
 - private final 'tid' 'J' @24  41 (0x0000000000000029)
 - 'threadLocalRandomSeed' 'J' @32  0 (0x0000000000000000)
 - injected 'jvmti_thread_state' 'J' @40  0 (0x0000000000000000)
 - 'threadLocalRandomSecondarySeed' 'I' @48  0 (0x00000000)
 - injected 'jvmti_VTMS_transition_disable_count' 'I' @52  0 (0x00000000)
 - injected 'jfr_epoch' 'S' @56  0 (0x0000)
 - volatile 'interrupted' 'Z' @58  false (0x00)
 - injected 'jvmti_is_in_VTMS_transition' 'Z' @59  false (0x00)
 - private volatile 'name' 'Ljava/lang/String;' @60  "pool-2-thread-1"{0x0000000714653230} (0xe28ca646)
 - private volatile 'contextClassLoader' 'Ljava/lang/ClassLoader;' @64  a 'jdk/internal/loader/ClassLoaders$AppClassLoader'{0x0000000713000028} (0xe2600005)
 - private 'inheritedAccessControlContext' 'Ljava/security/AccessControlContext;' @68  a 'java/security/AccessControlContext'{0x00000007146532c8} (0xe28ca659)
 - private final 'holder' 'Ljava/lang/Thread$FieldHolder;' @72  a 'java/lang/Thread$FieldHolder'{0x0000000714653278} (0xe28ca64f)
 - 'threadLocals' 'Ljava/lang/ThreadLocal$ThreadLocalMap;' @76  null (0x00000000)
 - 'inheritableThreadLocals' 'Ljava/lang/ThreadLocal$ThreadLocalMap;' @80  null (0x00000000)
 - private 'scopedValueBindings' 'Ljava/lang/Object;' @84  a 'java/lang/Class'{0x0000000713011728} = 'java/lang/Thread' (0xe26022e5)
 - final 'interruptLock' 'Ljava/lang/Object;' @88  a 'java/lang/Object'{0x0000000714653268} (0xe28ca64d)
 - private volatile 'parkBlocker' 'Ljava/lang/Object;' @92  null (0x00000000)
 - volatile 'nioBlocker' 'Lsun/nio/ch/Interruptible;' @96  null (0x00000000)
 - private 'cont' 'Ljdk/internal/vm/Continuation;' @100  null (0x00000000)
 - private volatile 'uncaughtExceptionHandler' 'Ljava/lang/Thread$UncaughtExceptionHandler;' @104  null (0x00000000)
 - private 'container' 'Ljdk/internal/vm/ThreadContainer;' @108  a 'jdk/internal/vm/SharedThreadContainer'{0x000000071493dc58} (0xe2927b8b)
 - private volatile 'headStackableScopes' 'Ljdk/internal/vm/StackableScope;' @112  null (0x00000000)
RDI=0x0 is null
R8 =0x000001c6d7af9d90 points into unknown readable memory: 0x000001c6dd9e2010 | 10 20 9e dd c6 01 00 00
R9 =0x0000000000000004 is an unknown value
R10=0x000001c68745cf98 is at code_begin+1016 in an Interpreter codelet
native method entry point (kind = native)  [0x000001c68745cba0, 0x000001c68745d6c0]  2848 bytes
R11=0x0000000000000102 is an unknown value
R12=0x0 is null
R13={method} {0x000001c6d08f6800} 'jniGetBodyCount' '(J)I' in 'com/badlogic/gdx/physics/box2d/World'
R14=0x00000095418ff388 is pointing into the stack for thread: 0x000001c6d56af720
R15=0x000001c6d56af720 is a thread

Top of Stack: (sp=0x00000095418ff2c8)
0x00000095418ff2c8:   000001c68745cfc7 0000000000000000
0x00000095418ff2d8:   000001c6d56af720 0000000000000000
0x00000095418ff2e8:   00007ffb195a067f 3ff0000000000000
0x00000095418ff2f8:   000001c6d56af720 0000000714653180
0x00000095418ff308:   00007ffb192ea721 fffffffffffffff7
0x00000095418ff318:   0000000000000000 0000000000000006
0x00000095418ff328:   000001c6d0908908 0000000000000000
0x00000095418ff338:   00000007148331e0 000001c6d08f67f8
0x00000095418ff348:   0000000000000000 00000095418ff378
0x00000095418ff358:   00000095418ff3d8 000001c687458a08
0x00000095418ff368:   0000000000000000 000001c68745a515
0x00000095418ff378:   000001c6d7af9d90 0000000000000000
0x00000095418ff388:   0000000714860298 fffffffffffffff7
0x00000095418ff398:   000001c6d08f674d 0000000000000002
0x00000095418ff3a8:   000001c6d0908908 000001c6d0943090
0x00000095418ff3b8:   00000007148331e0 000001c6d08f6768
0x00000095418ff3c8:   fffffffffffffff4 00000095418ff3e8
0x00000095418ff3d8:   00000095418ff438 000001c687458a08
0x00000095418ff3e8:   0000000714860298 fffffffffffffff7
0x00000095418ff3f8:   000001c6d09160d1 0000000000000003
0x00000095418ff408:   000001c6d0926e20 0000000000000000
0x00000095418ff418:   0000000714919e20 000001c6d0916110
0x00000095418ff428:   fffffffffffffff6 00000095418ff448
0x00000095418ff438:   00000095418ff4b0 000001c6874588c0
0x00000095418ff448:   0000000714821218 000000071493dcc0
0x00000095418ff458:   0000000000000001 000000071493dcc0
0x00000095418ff468:   fffffffffffffff5 000001c6d09161b6
0x00000095418ff478:   0000000000000005 000001c6d0926e20
0x00000095418ff488:   0000000000000000 0000000714919e20
0x00000095418ff498:   000001c6d09161f8 fffffffffffffff3
0x00000095418ff4a8:   00000095418ff4d0 00000095418ff528
0x00000095418ff4b8:   000001c6874588c0 0000000000000000 

Instructions: (pc=0x0000000066b26440)
0x0000000066b26340:   4c 89 e1 e8 c8 9c ff ff 90 48 83 c4 68 41 5c 41
0x0000000066b26350:   5d c3 66 66 2e 0f 1f 84 00 00 00 00 00 0f 1f 00
0x0000000066b26360:   41 54 48 83 ec 70 0f 11 74 24 60 48 8d 05 2e 03
0x0000000066b26370:   02 00 4d 89 c4 48 89 44 24 20 0f 10 f3 48 8d 05
0x0000000066b26380:   7c 03 02 00 48 89 4c 24 28 48 89 54 24 30 48 89
0x0000000066b26390:   4c 24 48 4c 89 c1 48 89 54 24 50 48 8d 54 24 20
0x0000000066b263a0:   48 89 44 24 40 e8 56 9c ff ff 48 8d 54 24 40 4c
0x0000000066b263b0:   89 e1 e8 59 9c ff ff 44 8b 8c 24 a8 00 00 00 0f
0x0000000066b263c0:   10 ce 4c 89 e1 44 8b 84 24 a0 00 00 00 e8 4e b9
0x0000000066b263d0:   ff ff 4c 89 e1 48 8d 15 b4 7c 01 00 e8 1f 9c ff
0x0000000066b263e0:   ff 31 d2 4c 89 e1 e8 25 9c ff ff 90 0f 10 74 24
0x0000000066b263f0:   60 48 83 c4 70 41 5c c3 0f 1f 84 00 00 00 00 00
0x0000000066b26400:   4c 89 c1 e9 08 bb ff ff 0f 1f 84 00 00 00 00 00
0x0000000066b26410:   45 84 c9 41 0f 95 80 5c 93 01 00 c3 0f 1f 40 00
0x0000000066b26420:   45 84 c9 41 0f 95 80 5d 93 01 00 c3 0f 1f 40 00
0x0000000066b26430:   4c 89 c1 e9 e8 c3 ff ff 0f 1f 84 00 00 00 00 00
0x0000000066b26440:   41 8b 80 30 93 01 00 c3 0f 1f 84 00 00 00 00 00
0x0000000066b26450:   41 8b 80 34 93 01 00 c3 0f 1f 84 00 00 00 00 00
0x0000000066b26460:   41 8b 80 00 93 01 00 c3 0f 1f 84 00 00 00 00 00
0x0000000066b26470:   f3 0f 10 44 24 28 f3 41 0f 11 98 38 93 01 00 f3
0x0000000066b26480:   41 0f 11 80 3c 93 01 00 c3 0f 1f 80 00 00 00 00
0x0000000066b26490:   41 55 41 54 53 48 83 ec 20 48 8b 01 49 89 cc 4d
0x0000000066b264a0:   89 cd 4c 89 c3 4c 89 ca 45 31 c0 ff 90 f0 06 00
0x0000000066b264b0:   00 45 31 c9 4c 89 ea 4c 89 e1 49 89 c0 48 8b 83
0x0000000066b264c0:   38 93 01 00 49 89 00 49 8b 04 24 48 8b 80 f8 06
0x0000000066b264d0:   00 00 48 83 c4 20 5b 41 5c 41 5d 48 ff e0 66 90
0x0000000066b264e0:   41 8b 80 98 92 01 00 d1 e8 83 e0 01 c3 0f 1f 00
0x0000000066b264f0:   41 8b 80 98 92 01 00 89 c2 83 e0 fb 83 ca 04 45
0x0000000066b26500:   84 c9 0f 45 c2 41 89 80 98 92 01 00 c3 0f 1f 00
0x0000000066b26510:   41 8b 80 98 92 01 00 c1 e8 02 83 e0 01 c3 66 90
0x0000000066b26520:   48 83 ec 58 48 8d 05 a5 01 02 00 f3 0f 10 84 24
0x0000000066b26530:   80 00 00 00 f3 0f 11 44 24 24 49 89 c9 4c 89 c1 


Stack slot to memory mapping:

stack at sp + 0 slots: 0x000001c68745cfc7 is at code_begin+1063 in an Interpreter codelet
native method entry point (kind = native)  [0x000001c68745cba0, 0x000001c68745d6c0]  2848 bytes
stack at sp + 1 slots: 0x0 is null
stack at sp + 2 slots: 0x000001c6d56af720 is a thread
stack at sp + 3 slots: 0x0 is null
stack at sp + 4 slots: 0x00007ffb195a067f jvm.dll
stack at sp + 5 slots: 0x3ff0000000000000 is an unknown value
stack at sp + 6 slots: 0x000001c6d56af720 is a thread
stack at sp + 7 slots: 0x0000000714653180 is an oop: java.lang.Thread 
{0x0000000714653180} - klass: 'java/lang/Thread'
 - ---- fields (total size 15 words):
 - 'threadLocalRandomProbe' 'I' @12  0 (0x00000000)
 - private volatile 'eetop' 'J' @16  1953495709472 (0x000001c6d56af720)
 - private final 'tid' 'J' @24  41 (0x0000000000000029)
 - 'threadLocalRandomSeed' 'J' @32  0 (0x0000000000000000)
 - injected 'jvmti_thread_state' 'J' @40  0 (0x0000000000000000)
 - 'threadLocalRandomSecondarySeed' 'I' @48  0 (0x00000000)
 - injected 'jvmti_VTMS_transition_disable_count' 'I' @52  0 (0x00000000)
 - injected 'jfr_epoch' 'S' @56  0 (0x0000)
 - volatile 'interrupted' 'Z' @58  false (0x00)
 - injected 'jvmti_is_in_VTMS_transition' 'Z' @59  false (0x00)
 - private volatile 'name' 'Ljava/lang/String;' @60  "pool-2-thread-1"{0x0000000714653230} (0xe28ca646)
 - private volatile 'contextClassLoader' 'Ljava/lang/ClassLoader;' @64  a 'jdk/internal/loader/ClassLoaders$AppClassLoader'{0x0000000713000028} (0xe2600005)
 - private 'inheritedAccessControlContext' 'Ljava/security/AccessControlContext;' @68  a 'java/security/AccessControlContext'{0x00000007146532c8} (0xe28ca659)
 - private final 'holder' 'Ljava/lang/Thread$FieldHolder;' @72  a 'java/lang/Thread$FieldHolder'{0x0000000714653278} (0xe28ca64f)
 - 'threadLocals' 'Ljava/lang/ThreadLocal$ThreadLocalMap;' @76  null (0x00000000)
 - 'inheritableThreadLocals' 'Ljava/lang/ThreadLocal$ThreadLocalMap;' @80  null (0x00000000)
 - private 'scopedValueBindings' 'Ljava/lang/Object;' @84  a 'java/lang/Class'{0x0000000713011728} = 'java/lang/Thread' (0xe26022e5)
 - final 'interruptLock' 'Ljava/lang/Object;' @88  a 'java/lang/Object'{0x0000000714653268} (0xe28ca64d)
 - private volatile 'parkBlocker' 'Ljava/lang/Object;' @92  null (0x00000000)
 - volatile 'nioBlocker' 'Lsun/nio/ch/Interruptible;' @96  null (0x00000000)
 - private 'cont' 'Ljdk/internal/vm/Continuation;' @100  null (0x00000000)
 - private volatile 'uncaughtExceptionHandler' 'Ljava/lang/Thread$UncaughtExceptionHandler;' @104  null (0x00000000)
 - private 'container' 'Ljdk/internal/vm/ThreadContainer;' @108  a 'jdk/internal/vm/SharedThreadContainer'{0x000000071493dc58} (0xe2927b8b)
 - private volatile 'headStackableScopes' 'Ljdk/internal/vm/StackableScope;' @112  null (0x00000000)

native method entry point (kind = native)  [0x000001c68745cba0, 0x000001c68745d6c0]  2848 bytes
[MachCode]
  0x000001c68745cba0: 488b 4b08 | 0fb7 492e | 584c 8d74 | ccf8 6800 | 0000 0068 | 0000 0000 | 5055 488b | ec41 5568 
  0x000001c68745cbc0: 0000 0000 | 4c8b 6b08 | 4d8d 6d38 | 5348 8b53 | 0848 8b52 | 0848 8b52 | 1848 8b52 | 7048 8b12 
  0x000001c68745cbe0: 5248 8b53 | 1048 85d2 | 0f84 0700 | 0000 4881 | c210 0100 | 0052 488b | 5308 488b | 5208 488b 
  0x000001c68745cc00: 5210 5249 | 8bc6 482b | c548 c1e8 | 0350 6800 | 0000 0068 | f7ff ffff | 41c6 8781 | 0400 0001 
  0x000001c68745cc20: 488b 4310 | 4885 c074 | 208b 88cc | 0000 0083 | c102 8988 | cc00 0000 | 2388 e000 | 0000 0f84 
  0x000001c68745cc40: cb09 0000 | e9cf 0000 | 0048 8b43 | 1848 85c0 | 0f85 b000 | 0000 e805 | 0000 00e9 | 9900 0000 
  0x000001c68745cc60: 488b d348 | 8d44 2408 | 4c89 6dc0 | 498b cfc5 | f877 4989 | afb0 0300 | 0049 8987 | a003 0000 
  0x000001c68745cc80: 4883 ec20 | 40f6 c40f | 0f84 1900 | 0000 4883 | ec08 48b8 | 00a7 2e19 | fb7f 0000 | ffd0 4883 
  0x000001c68745cca0: c408 e90c | 0000 0048 | b800 a72e | 19fb 7f00 | 00ff d048 | 83c4 2049 | c787 a003 | 0000 0000 
  0x000001c68745ccc0: 0000 49c7 | 87b0 0300 | 0000 0000 | 0049 c787 | a803 0000 | 0000 0000 | c5f8 7749 | 837f 0800 
  0x000001c68745cce0: 0f84 0500 | 0000 e915 | 42ff ff4c | 8b6d c04c | 8b75 c84e | 8d74 f500 | c348 8b43 | 1848 85c0 
  0x000001c68745cd00: 0f84 1200 | 0000 8b48 | 0883 c102 | 8948 0823 | 481c 0f84 | f708 0000 | 493b a7f0 | 0400 000f 
  0x000001c68745cd20: 8748 0000 | 0089 8424 | 00f0 ffff | 8984 2400 | e0ff ff89 | 8424 00d0 | ffff 8984 | 2400 c0ff 
  0x000001c68745cd40: ff89 8424 | 00b0 ffff | 8984 2400 | a0ff ff89 | 8424 0090 | ffff 8984 | 2400 80ff | ff49 3ba7 
  0x000001c68745cd60: e804 0000 | 7607 4989 | a7f0 0400 | 0041 c687 | 8104 0000 | 0049 ba6c | 40b5 19fb | 7f00 0041 
  0x000001c68745cd80: 803a 000f | 843e 0000 | 0048 8b55 | e849 8bcf | 4883 ec20 | 40f6 c40f | 0f84 1900 | 0000 4883 
  0x000001c68745cda0: ec08 48b8 | 80b9 6519 | fb7f 0000 | ffd0 4883 | c408 e90c | 0000 0048 | b880 b965 | 19fb 7f00 
  0x000001c68745cdc0: 00ff d048 | 83c4 2048 | 8b5d e84c | 8b5b 0845 | 0fb7 5b2e | 41c1 e303 | 492b e348 | 83ec 2048 
  0x000001c68745cde0: 83e4 f04c | 8b5b 604d | 85db 0f85 | ab00 0000 | e805 0000 | 00e9 9900 | 0000 488b | d348 8d44 
  0x000001c68745ce00: 2408 4c89 | 6dc0 498b | cfc5 f877 | 4989 afb0 | 0300 0049 | 8987 a003 | 0000 4883 | ec20 40f6 
  0x000001c68745ce20: c40f 0f84 | 1900 0000 | 4883 ec08 | 48b8 20ce | 2e19 fb7f | 0000 ffd0 | 4883 c408 | e90c 0000 
  0x000001c68745ce40: 0048 b820 | ce2e 19fb | 7f00 00ff | d048 83c4 | 2049 c787 | a003 0000 | 0000 0000 | 49c7 87b0 
  0x000001c68745ce60: 0300 0000 | 0000 0049 | c787 a803 | 0000 0000 | 0000 c5f8 | 7749 837f | 0800 0f84 | 0500 0000 
  0x000001c68745ce80: e97b 40ff | ff4c 8b6d | c04c 8b75 | c84e 8d74 | f500 c348 | 8b5d e84c | 8b5b 6041 | ffd3 488b 
  0x000001c68745cea0: 5de8 4889 | 4518 448b | 5b28 41f6 | c308 0f84 | 1b00 0000 | 4c8b 5b08 | 4d8b 5b08 | 4d8b 5b18 
  0x000001c68745cec0: 4d8b 5b70 | 4d8b 1b4c | 895d 1048 | 8d55 1048 | 8b43 5849 | ba80 1066 | 19fb 7f00 | 0049 3bc2 
  0x000001c68745cee0: 0f85 ab00 | 0000 e805 | 0000 00e9 | 9900 0000 | 488b d348 | 8d44 2408 | 4c89 6dc0 | 498b cfc5 
  0x000001c68745cf00: f877 4989 | afb0 0300 | 0049 8987 | a003 0000 | 4883 ec20 | 40f6 c40f | 0f84 1900 | 0000 4883 
  0x000001c68745cf20: ec08 48b8 | 20ce 2e19 | fb7f 0000 | ffd0 4883 | c408 e90c | 0000 0048 | b820 ce2e | 19fb 7f00 
  0x000001c68745cf40: 00ff d048 | 83c4 2049 | c787 a003 | 0000 0000 | 0000 49c7 | 87b0 0300 | 0000 0000 | 0049 c787 
  0x000001c68745cf60: a803 0000 | 0000 0000 | c5f8 7749 | 837f 0800 | 0f84 0500 | 0000 e985 | 3fff ff4c | 8b6d c04c 
  0x000001c68745cf80: 8b75 c84e | 8d74 f500 | c348 8b5d | e848 8b43 | 5849 8d8f | c003 0000 | c5f8 7749 | 89af b003 
  0x000001c68745cfa0: 0000 49ba | 98cf 4587 | c601 0000 | 4d89 97a8 | 0300 0049 | 89a7 a003 | 0000 41c7 | 8754 0400 
  0x000001c68745cfc0: 0004 0000 | 00ff d0c5 | f877 4883 | ec10 c5fb | 1104 2448 | 83ec 1048 | 8904 2448 | c744 2408 
  0x000001c68745cfe0: 0000 0000 | 41c7 8754 | 0400 0005 | 0000 00f0 | 8344 24c0 | 0049 3baf | 5804 0000 | 0f87 0e00 
  0x000001c68745d000: 0000 4183 | bf50 0400 | 0000 0f84 | 2000 0000 | 498b cf4c | 8be4 4883 | ec20 4883 | e4f0 48b8 
  0x000001c68745d020: 4023 3019 | fb7f 0000 | ffd0 498b | e44d 33e4 | 41c7 8754 | 0400 0008 | 0000 0049 | c787 a003 
  0x000001c68745d040: 0000 0000 | 0000 49c7 | 87b0 0300 | 0000 0000 | 0049 c787 | a803 0000 | 0000 0000 | c5f8 774d 
  0x000001c68745d060: 8b9f 3004 | 0000 41c7 | 8300 0100 | 0000 0000 | 0049 bb1a | a545 87c6 | 0100 004c | 3b5d 180f 
  0x000001c68745d080: 8524 0200 | 0048 8b04 | 2448 83c4 | 1048 85c0 | 0f84 fe01 | 0000 a803 | 0f85 0800 | 0000 488b 
  0x000001c68745d0a0: 00e9 ee01 | 0000 a801 | 0f85 0900 | 0000 488b | 40fe e9dd | 0100 0048 | 8b40 ff41 | 807f 3800 
  0x000001c68745d0c0: 0f84 ce01 | 0000 4883 | f800 0f84 | c401 0000 | 4d8b 5f28 | 4983 fb00 | 0f84 1400 | 0000 4983 
  0x000001c68745d0e0: eb08 4d89 | 5f28 4d03 | 5f30 4989 | 03e9 a201 | 0000 4881 | ecd0 0000 | 0048 8904 | 2448 894c 
  0x000001c68745d100: 2408 4889 | 5424 1048 | 8974 2418 | 4889 7c24 | 204c 8944 | 2428 4c89 | 4c24 304c | 8954 2438 
  0x000001c68745d120: 4c89 5c24 | 40c5 fb11 | 4424 50c5 | fb11 4c24 | 58c5 fb11 | 5424 60c5 | fb11 5c24 | 68c5 fb11 
  0x000001c68745d140: 6424 70c5 | fb11 6c24 | 78c5 fb11 | b424 8000 | 0000 c5fb | 11bc 2488 | 0000 00c5 | 7b11 8424 
  0x000001c68745d160: 9000 0000 | c57b 118c | 2498 0000 | 00c5 7b11 | 9424 a000 | 0000 c57b | 119c 24a8 | 0000 00c5 
  0x000001c68745d180: 7b11 a424 | b000 0000 | c57b 11ac | 24b8 0000 | 00c5 7b11 | b424 c000 | 0000 c57b | 11bc 24c8 
  0x000001c68745d1a0: 0000 0049 | 8bd7 488b | c848 83ec | 2040 f6c4 | 0f0f 8419 | 0000 0048 | 83ec 0848 | b830 3f23 
  0x000001c68745d1c0: 19fb 7f00 | 00ff d048 | 83c4 08e9 | 0c00 0000 | 48b8 303f | 2319 fb7f | 0000 ffd0 | 4883 c420 
  0x000001c68745d1e0: c57b 10bc | 24c8 0000 | 00c5 7b10 | b424 c000 | 0000 c57b | 10ac 24b8 | 0000 00c5 | 7b10 a424 
  0x000001c68745d200: b000 0000 | c57b 109c | 24a8 0000 | 00c5 7b10 | 9424 a000 | 0000 c57b | 108c 2498 | 0000 00c5 
  0x000001c68745d220: 7b10 8424 | 9000 0000 | c5fb 10bc | 2488 0000 | 00c5 fb10 | b424 8000 | 0000 c5fb | 106c 2478 
  0x000001c68745d240: c5fb 1064 | 2470 c5fb | 105c 2468 | c5fb 1054 | 2460 c5fb | 104c 2458 | c5fb 1044 | 2450 4c8b 
  0x000001c68745d260: 5c24 404c | 8b54 2438 | 4c8b 4c24 | 304c 8b44 | 2428 488b | 7c24 2048 | 8b74 2418 | 488b 5424 
  0x000001c68745d280: 1048 8b4c | 2408 488b | 0424 4881 | c4d0 0000 | 00c5 f877 | 4889 4510 | 4883 ec10 | 4889 0424 
  0x000001c68745d2a0: 48c7 4424 | 0800 0000 | 0041 83bf | d004 0000 | 020f 85bf | 0000 0048 | 81ec 8000 | 0000 4889 
  0x000001c68745d2c0: 4424 7848 | 894c 2470 | 4889 5424 | 6848 895c | 2460 4889 | 6c24 5048 | 8974 2448 | 4889 7c24 
  0x000001c68745d2e0: 404c 8944 | 2438 4c89 | 4c24 304c | 8954 2428 | 4c89 5c24 | 204c 8964 | 2418 4c89 | 6c24 104c 
  0x000001c68745d300: 8974 2408 | 4c89 3c24 | 4c8b e448 | 83ec 2048 | 83e4 f048 | b8d0 f165 | 19fb 7f00 | 00ff d049 
  0x000001c68745d320: 8be4 4c8b | 3c24 4c8b | 7424 084c | 8b6c 2410 | 4c8b 6424 | 184c 8b5c | 2420 4c8b | 5424 284c 
  0x000001c68745d340: 8b4c 2430 | 4c8b 4424 | 3848 8b7c | 2440 488b | 7424 4848 | 8b6c 2450 | 488b 5c24 | 6048 8b54 
  0x000001c68745d360: 2468 488b | 4c24 7048 | 8b44 2478 | 4881 c480 | 0000 004d | 33e4 488b | 5de8 4c8b | 6b08 4d8d 
  0x000001c68745d380: 6d38 4983 | 7f08 000f | 84bb 0000 | 00e8 0500 | 0000 e996 | 0000 0048 | 8d44 2408 | 4c89 6dc0 
  0x000001c68745d3a0: 498b cfc5 | f877 4989 | afb0 0300 | 0049 8987 | a003 0000 | 4883 ec20 | 40f6 c40f | 0f84 1900 
  0x000001c68745d3c0: 0000 4883 | ec08 48b8 | 60ec 2e19 | fb7f 0000 | ffd0 4883 | c408 e90c | 0000 0048 | b860 ec2e 
  0x000001c68745d3e0: 19fb 7f00 | 00ff d048 | 83c4 2049 | c787 a003 | 0000 0000 | 0000 49c7 | 87b0 0300 | 0000 0000 
  0x000001c68745d400: 0049 c787 | a803 0000 | 0000 0000 | c5f8 7749 | 837f 0800 | 0f84 0500 | 0000 e9e1 | 3aff ff4c 
  0x000001c68745d420: 8b6d c04c | 8b75 c84e | 8d74 f500 | c348 b9b0 | 288d 19fb | 7f00 0048 | 83e4 f048 | b830 9954 
  0x000001c68745d440: 19fb 7f00 | 00ff d0f4 | 448b 5b28 | 41f6 c320 | 0f84 4401 | 0000 488d | 55a8 4c8b | 5a08 4d85 
  0x000001c68745d460: db0f 85bb | 0000 00e8 | 0500 0000 | e996 0000 | 0048 8d44 | 2408 4c89 | 6dc0 498b | cfc5 f877 
  0x000001c68745d480: 4989 afb0 | 0300 0049 | 8987 a003 | 0000 4883 | ec20 40f6 | c40f 0f84 | 1900 0000 | 4883 ec08 
  0x000001c68745d4a0: 48b8 90eb | 2e19 fb7f | 0000 ffd0 | 4883 c408 | e90c 0000 | 0048 b890 | eb2e 19fb | 7f00 00ff 
  0x000001c68745d4c0: d048 83c4 | 2049 c787 | a003 0000 | 0000 0000 | 49c7 87b0 | 0300 0000 | 0000 0049 | c787 a803 
  0x000001c68745d4e0: 0000 0000 | 0000 c5f8 | 7749 837f | 0800 0f84 | 0500 0000 | e907 3aff | ff4c 8b6d | c04c 8b75 
  0x000001c68745d500: c84e 8d74 | f500 c348 | b9b0 288d | 19fb 7f00 | 0048 83e4 | f048 b830 | 9954 19fb | 7f00 00ff 
  0x000001c68745d520: d0f4 4c89 | 6dc0 488d | 024c 8b4a | 0848 c742 | 0800 0000 | 004c 8b00 | 4d85 c00f | 840b 0000 
  0x000001c68745d540: 00f0 4d0f | b101 0f85 | 0c00 0000 | 49ff 8f58 | 0500 00e9 | 3e00 0000 | 4c89 4a08 | 488b ca48 
  0x000001c68745d560: 83ec 2040 | f6c4 0f0f | 8419 0000 | 0048 83ec | 0848 b820 | be2e 19fb | 7f00 00ff | d048 83c4 
  0x000001c68745d580: 08e9 0c00 | 0000 48b8 | 20be 2e19 | fb7f 0000 | ffd0 4883 | c420 4c8b | 6dc0 49ba | 6c40 b519 
  0x000001c68745d5a0: fb7f 0000 | 4180 3a00 | 0f84 3e00 | 0000 488b | 55e8 498b | cf48 83ec | 2040 f6c4 | 0f0f 8419 
  0x000001c68745d5c0: 0000 0048 | 83ec 0848 | b880 b965 | 19fb 7f00 | 00ff d048 | 83c4 08e9 | 0c00 0000 | 48b8 80b9 
  0x000001c68745d5e0: 6519 fb7f | 0000 ffd0 | 4883 c420 | 488b 0424 | 4883 c410 | c5fb 1004 | 2448 83c4 | 104c 8b5d 
  0x000001c68745d600: 1841 ffd3 | 4c8b 5df8 | c95f 498b | e3ff e7ba | 0000 0000 | e805 0000 | 00e9 9600 | 0000 488d 
  0x000001c68745d620: 4424 084c | 896d c049 | 8bcf c5f8 | 7749 89af | b003 0000 | 4989 87a0 | 0300 0048 | 83ec 2040 
  0x000001c68745d640: f6c4 0f0f | 8419 0000 | 0048 83ec | 0848 b8e0 | b12e 19fb | 7f00 00ff | d048 83c4 | 08e9 0c00 
  0x000001c68745d660: 0000 48b8 | e0b1 2e19 | fb7f 0000 | ffd0 4883 | c420 49c7 | 87a0 0300 | 0000 0000 | 0049 c787 
  0x000001c68745d680: b003 0000 | 0000 0000 | 49c7 87a8 | 0300 0000 | 0000 00c5 | f877 4983 | 7f08 000f | 8405 0000 
  0x000001c68745d6a0: 00e9 5a38 | ffff 4c8b | 6dc0 4c8b | 75c8 4e8d | 74f5 00c3 | 488b 5de8 | e95b f6ff | ff66 6690 
[/MachCode]

---------------  P R O C E S S  ---------------

Threads class SMR info:
_java_thread_list=0x000001c6d5749c30, length=17, elements={
0x000001c6e7552300, 0x000001c6fa0f4280, 0x000001c6fa0f51a0, 0x000001c6fa0f7580,
0x000001c6fa0fc260, 0x000001c6fa0fef60, 0x000001c6fa107710, 0x000001c6fa109d00,
0x000001c6fa10d820, 0x000001c6d41e5b10, 0x000001c6d42ba380, 0x000001c6d42c59f0,
0x000001c6d4d2d0c0, 0x000001c6d573c0c0, 0x000001c6d57f33d0, 0x000001c6d41e61d0,
0x000001c6d56af720
}

Java Threads: ( => current thread )
  0x000001c6e7552300 JavaThread "main"                              [_thread_in_native, id=1784, stack(0x0000009540300000,0x0000009540400000) (1024K)]
  0x000001c6fa0f4280 JavaThread "Reference Handler"          daemon [_thread_blocked, id=20648, stack(0x0000009540b00000,0x0000009540c00000) (1024K)]
  0x000001c6fa0f51a0 JavaThread "Finalizer"                  daemon [_thread_blocked, id=14596, stack(0x0000009540c00000,0x0000009540d00000) (1024K)]
  0x000001c6fa0f7580 JavaThread "Signal Dispatcher"          daemon [_thread_blocked, id=5388, stack(0x0000009540d00000,0x0000009540e00000) (1024K)]
  0x000001c6fa0fc260 JavaThread "Attach Listener"            daemon [_thread_blocked, id=21228, stack(0x0000009540e00000,0x0000009540f00000) (1024K)]
  0x000001c6fa0fef60 JavaThread "Service Thread"             daemon [_thread_blocked, id=9492, stack(0x0000009540f00000,0x0000009541000000) (1024K)]
  0x000001c6fa107710 JavaThread "Monitor Deflation Thread"   daemon [_thread_blocked, id=2396, stack(0x0000009541000000,0x0000009541100000) (1024K)]
  0x000001c6fa109d00 JavaThread "C2 CompilerThread0"         daemon [_thread_blocked, id=22368, stack(0x0000009541100000,0x0000009541200000) (1024K)]
  0x000001c6fa10d820 JavaThread "C1 CompilerThread0"         daemon [_thread_blocked, id=12824, stack(0x0000009541200000,0x0000009541300000) (1024K)]
  0x000001c6d41e5b10 JavaThread "C1 CompilerThread1"         daemon [_thread_blocked, id=23228, stack(0x0000009541300000,0x0000009541400000) (1024K)]
  0x000001c6d42ba380 JavaThread "Notification Thread"        daemon [_thread_blocked, id=2676, stack(0x0000009541500000,0x0000009541600000) (1024K)]
  0x000001c6d42c59f0 JavaThread "Common-Cleaner"             daemon [_thread_blocked, id=600, stack(0x0000009541600000,0x0000009541700000) (1024K)]
  0x000001c6d4d2d0c0 JavaThread "Thread-0"                   daemon [_thread_blocked, id=11568, stack(0x0000009541f00000,0x0000009542000000) (1024K)]
  0x000001c6d573c0c0 JavaThread "LWJGL3 Timer"               daemon [_thread_blocked, id=23440, stack(0x0000009542300000,0x0000009542400000) (1024K)]
  0x000001c6d57f33d0 JavaThread "AssetManager"               daemon [_thread_blocked, id=16860, stack(0x0000009541700000,0x0000009541800000) (1024K)]
  0x000001c6d41e61d0 JavaThread "pool-1-thread-1"                   [_thread_blocked, id=11084, stack(0x0000009541400000,0x0000009541500000) (1024K)]
=>0x000001c6d56af720 JavaThread "pool-2-thread-1"                   [_thread_in_native, id=9972, stack(0x0000009541800000,0x0000009541900000) (1024K)]
Total: 17

Other Threads:
  0x000001c6fa0d3000 VMThread "VM Thread"                           [id=9772, stack(0x0000009540a00000,0x0000009540b00000) (1024K)]
  0x000001c6fa0bb2d0 WatcherThread "VM Periodic Task Thread"        [id=10432, stack(0x0000009540900000,0x0000009540a00000) (1024K)]
  0x000001c6e9878be0 WorkerThread "GC Thread#0"                     [id=10252, stack(0x0000009540400000,0x0000009540500000) (1024K)]
  0x000001c6d5a64a90 WorkerThread "GC Thread#1"                     [id=13136, stack(0x0000009542400000,0x0000009542500000) (1024K)]
  0x000001c6d5854590 WorkerThread "GC Thread#2"                     [id=9384, stack(0x0000009542500000,0x0000009542600000) (1024K)]
  0x000001c6d5629eb0 WorkerThread "GC Thread#3"                     [id=9164, stack(0x0000009542600000,0x0000009542700000) (1024K)]
  0x000001c6d562a260 WorkerThread "GC Thread#4"                     [id=10404, stack(0x0000009542700000,0x0000009542800000) (1024K)]
  0x000001c6d562a610 WorkerThread "GC Thread#5"                     [id=1964, stack(0x0000009542800000,0x0000009542900000) (1024K)]
  0x000001c6de689ff0 WorkerThread "GC Thread#6"                     [id=13048, stack(0x0000009542900000,0x0000009542a00000) (1024K)]
  0x000001c6de68a3a0 WorkerThread "GC Thread#7"                     [id=7300, stack(0x0000009542a00000,0x0000009542b00000) (1024K)]
  0x000001c6de68f2e0 WorkerThread "GC Thread#8"                     [id=8952, stack(0x0000009542b00000,0x0000009542c00000) (1024K)]
  0x000001c6e98897a0 ConcurrentGCThread "G1 Main Marker"            [id=12172, stack(0x0000009540500000,0x0000009540600000) (1024K)]
  0x000001c6e988a9d0 WorkerThread "G1 Conc#0"                       [id=13768, stack(0x0000009540600000,0x0000009540700000) (1024K)]
  0x000001c6f9f8fb90 ConcurrentGCThread "G1 Refine#0"               [id=10176, stack(0x0000009540700000,0x0000009540800000) (1024K)]
  0x000001c6f9f90620 ConcurrentGCThread "G1 Service"                [id=2852, stack(0x0000009540800000,0x0000009540900000) (1024K)]
Total: 15

Threads with active compile tasks:
Total: 0

VM state: not at safepoint (normal execution)

VM Mutex/Monitor currently owned by a thread: None

Heap address: 0x0000000704e00000, size: 4018 MB, Compressed Oops mode: Zero based, Oop shift amount: 3

CDS archive(s) mapped at: [0x000001c68f000000-0x000001c68fc60000-0x000001c68fc60000), size 12976128, SharedBaseAddress: 0x000001c68f000000, ArchiveRelocationMode: 1.
Compressed class space mapped at: 0x000001c690000000-0x000001c6d0000000, reserved size: 1073741824
Narrow klass base: 0x000001c68f000000, Narrow klass shift: 0, Narrow klass range: 0x41000000

GC Precious Log:
 CardTable entry size: 512
 Card Set container configuration: InlinePtr #cards 4 size 8 Array Of Cards #cards 16 size 48 Howl #buckets 8 coarsen threshold 3686 Howl Bitmap #cards 512 size 80 coarsen threshold 460 Card regions per heap region 1 cards per card region 4096
 CPUs: 16 total, 16 available
 Memory: 16068M
 Large Page Support: Disabled
 NUMA Support: Disabled
 Compressed Oops: Enabled (Zero based)
 Heap Region Size: 2M
 Heap Min Capacity: 8M
 Heap Initial Capacity: 252M
 Heap Max Capacity: 4018M
 Pre-touch: Disabled
 Parallel Workers: 13
 Concurrent Workers: 3
 Concurrent Refinement Workers: 13
 Periodic GC: Disabled

Heap:
 garbage-first heap   total reserved 4114432K, committed 258048K, used 5560K [0x0000000704e00000, 0x0000000800000000)
  region size 2048K, 4 young (8192K), 2 survivors (4096K)
 Metaspace       used 8454K, committed 8640K, reserved 1114112K
  class space    used 678K, committed 768K, reserved 1048576K

Heap Regions: E=young(eden), S=young(survivor), O=old, HS=humongous(starts), HC=humongous(continues), CS=collection set, F=free, TAMS=top-at-mark-start, PB=parsable bottom
|   0|0x0000000704e00000, 0x0000000704e00000, 0x0000000705000000|  0%| F|  |TAMS 0x0000000704e00000| PB 0x0000000704e00000| Untracked |  0
|   1|0x0000000705000000, 0x0000000705000000, 0x0000000705200000|  0%| F|  |TAMS 0x0000000705000000| PB 0x0000000705000000| Untracked |  0
|   2|0x0000000705200000, 0x0000000705200000, 0x0000000705400000|  0%| F|  |TAMS 0x0000000705200000| PB 0x0000000705200000| Untracked |  0
|   3|0x0000000705400000, 0x0000000705400000, 0x0000000705600000|  0%| F|  |TAMS 0x0000000705400000| PB 0x0000000705400000| Untracked |  0
|   4|0x0000000705600000, 0x0000000705600000, 0x0000000705800000|  0%| F|  |TAMS 0x0000000705600000| PB 0x0000000705600000| Untracked |  0
|   5|0x0000000705800000, 0x0000000705800000, 0x0000000705a00000|  0%| F|  |TAMS 0x0000000705800000| PB 0x0000000705800000| Untracked |  0
|   6|0x0000000705a00000, 0x0000000705a00000, 0x0000000705c00000|  0%| F|  |TAMS 0x0000000705a00000| PB 0x0000000705a00000| Untracked |  0
|   7|0x0000000705c00000, 0x0000000705c00000, 0x0000000705e00000|  0%| F|  |TAMS 0x0000000705c00000| PB 0x0000000705c00000| Untracked |  0
|   8|0x0000000705e00000, 0x0000000705e00000, 0x0000000706000000|  0%| F|  |TAMS 0x0000000705e00000| PB 0x0000000705e00000| Untracked |  0
|   9|0x0000000706000000, 0x0000000706000000, 0x0000000706200000|  0%| F|  |TAMS 0x0000000706000000| PB 0x0000000706000000| Untracked |  0
|  10|0x0000000706200000, 0x0000000706200000, 0x0000000706400000|  0%| F|  |TAMS 0x0000000706200000| PB 0x0000000706200000| Untracked |  0
|  11|0x0000000706400000, 0x0000000706400000, 0x0000000706600000|  0%| F|  |TAMS 0x0000000706400000| PB 0x0000000706400000| Untracked |  0
|  12|0x0000000706600000, 0x0000000706600000, 0x0000000706800000|  0%| F|  |TAMS 0x0000000706600000| PB 0x0000000706600000| Untracked |  0
|  13|0x0000000706800000, 0x0000000706800000, 0x0000000706a00000|  0%| F|  |TAMS 0x0000000706800000| PB 0x0000000706800000| Untracked |  0
|  14|0x0000000706a00000, 0x0000000706a00000, 0x0000000706c00000|  0%| F|  |TAMS 0x0000000706a00000| PB 0x0000000706a00000| Untracked |  0
|  15|0x0000000706c00000, 0x0000000706c00000, 0x0000000706e00000|  0%| F|  |TAMS 0x0000000706c00000| PB 0x0000000706c00000| Untracked |  0
|  16|0x0000000706e00000, 0x0000000706e00000, 0x0000000707000000|  0%| F|  |TAMS 0x0000000706e00000| PB 0x0000000706e00000| Untracked |  0
|  17|0x0000000707000000, 0x0000000707000000, 0x0000000707200000|  0%| F|  |TAMS 0x0000000707000000| PB 0x0000000707000000| Untracked |  0
|  18|0x0000000707200000, 0x0000000707200000, 0x0000000707400000|  0%| F|  |TAMS 0x0000000707200000| PB 0x0000000707200000| Untracked |  0
|  19|0x0000000707400000, 0x0000000707400000, 0x0000000707600000|  0%| F|  |TAMS 0x0000000707400000| PB 0x0000000707400000| Untracked |  0
|  20|0x0000000707600000, 0x0000000707600000, 0x0000000707800000|  0%| F|  |TAMS 0x0000000707600000| PB 0x0000000707600000| Untracked |  0
|  21|0x0000000707800000, 0x0000000707800000, 0x0000000707a00000|  0%| F|  |TAMS 0x0000000707800000| PB 0x0000000707800000| Untracked |  0
|  22|0x0000000707a00000, 0x0000000707a00000, 0x0000000707c00000|  0%| F|  |TAMS 0x0000000707a00000| PB 0x0000000707a00000| Untracked |  0
|  23|0x0000000707c00000, 0x0000000707c00000, 0x0000000707e00000|  0%| F|  |TAMS 0x0000000707c00000| PB 0x0000000707c00000| Untracked |  0
|  24|0x0000000707e00000, 0x0000000707e00000, 0x0000000708000000|  0%| F|  |TAMS 0x0000000707e00000| PB 0x0000000707e00000| Untracked |  0
|  25|0x0000000708000000, 0x0000000708000000, 0x0000000708200000|  0%| F|  |TAMS 0x0000000708000000| PB 0x0000000708000000| Untracked |  0
|  26|0x0000000708200000, 0x0000000708200000, 0x0000000708400000|  0%| F|  |TAMS 0x0000000708200000| PB 0x0000000708200000| Untracked |  0
|  27|0x0000000708400000, 0x0000000708400000, 0x0000000708600000|  0%| F|  |TAMS 0x0000000708400000| PB 0x0000000708400000| Untracked |  0
|  28|0x0000000708600000, 0x0000000708600000, 0x0000000708800000|  0%| F|  |TAMS 0x0000000708600000| PB 0x0000000708600000| Untracked |  0
|  29|0x0000000708800000, 0x0000000708800000, 0x0000000708a00000|  0%| F|  |TAMS 0x0000000708800000| PB 0x0000000708800000| Untracked |  0
|  30|0x0000000708a00000, 0x0000000708a00000, 0x0000000708c00000|  0%| F|  |TAMS 0x0000000708a00000| PB 0x0000000708a00000| Untracked |  0
|  31|0x0000000708c00000, 0x0000000708c00000, 0x0000000708e00000|  0%| F|  |TAMS 0x0000000708c00000| PB 0x0000000708c00000| Untracked |  0
|  32|0x0000000708e00000, 0x0000000708e00000, 0x0000000709000000|  0%| F|  |TAMS 0x0000000708e00000| PB 0x0000000708e00000| Untracked |  0
|  33|0x0000000709000000, 0x0000000709000000, 0x0000000709200000|  0%| F|  |TAMS 0x0000000709000000| PB 0x0000000709000000| Untracked |  0
|  34|0x0000000709200000, 0x0000000709200000, 0x0000000709400000|  0%| F|  |TAMS 0x0000000709200000| PB 0x0000000709200000| Untracked |  0
|  35|0x0000000709400000, 0x0000000709400000, 0x0000000709600000|  0%| F|  |TAMS 0x0000000709400000| PB 0x0000000709400000| Untracked |  0
|  36|0x0000000709600000, 0x0000000709600000, 0x0000000709800000|  0%| F|  |TAMS 0x0000000709600000| PB 0x0000000709600000| Untracked |  0
|  37|0x0000000709800000, 0x0000000709800000, 0x0000000709a00000|  0%| F|  |TAMS 0x0000000709800000| PB 0x0000000709800000| Untracked |  0
|  38|0x0000000709a00000, 0x0000000709a00000, 0x0000000709c00000|  0%| F|  |TAMS 0x0000000709a00000| PB 0x0000000709a00000| Untracked |  0
|  39|0x0000000709c00000, 0x0000000709c00000, 0x0000000709e00000|  0%| F|  |TAMS 0x0000000709c00000| PB 0x0000000709c00000| Untracked |  0
|  40|0x0000000709e00000, 0x0000000709e00000, 0x000000070a000000|  0%| F|  |TAMS 0x0000000709e00000| PB 0x0000000709e00000| Untracked |  0
|  41|0x000000070a000000, 0x000000070a000000, 0x000000070a200000|  0%| F|  |TAMS 0x000000070a000000| PB 0x000000070a000000| Untracked |  0
|  42|0x000000070a200000, 0x000000070a200000, 0x000000070a400000|  0%| F|  |TAMS 0x000000070a200000| PB 0x000000070a200000| Untracked |  0
|  43|0x000000070a400000, 0x000000070a400000, 0x000000070a600000|  0%| F|  |TAMS 0x000000070a400000| PB 0x000000070a400000| Untracked |  0
|  44|0x000000070a600000, 0x000000070a600000, 0x000000070a800000|  0%| F|  |TAMS 0x000000070a600000| PB 0x000000070a600000| Untracked |  0
|  45|0x000000070a800000, 0x000000070a800000, 0x000000070aa00000|  0%| F|  |TAMS 0x000000070a800000| PB 0x000000070a800000| Untracked |  0
|  46|0x000000070aa00000, 0x000000070aa00000, 0x000000070ac00000|  0%| F|  |TAMS 0x000000070aa00000| PB 0x000000070aa00000| Untracked |  0
|  47|0x000000070ac00000, 0x000000070ac00000, 0x000000070ae00000|  0%| F|  |TAMS 0x000000070ac00000| PB 0x000000070ac00000| Untracked |  0
|  48|0x000000070ae00000, 0x000000070ae00000, 0x000000070b000000|  0%| F|  |TAMS 0x000000070ae00000| PB 0x000000070ae00000| Untracked |  0
|  49|0x000000070b000000, 0x000000070b000000, 0x000000070b200000|  0%| F|  |TAMS 0x000000070b000000| PB 0x000000070b000000| Untracked |  0
|  50|0x000000070b200000, 0x000000070b200000, 0x000000070b400000|  0%| F|  |TAMS 0x000000070b200000| PB 0x000000070b200000| Untracked |  0
|  51|0x000000070b400000, 0x000000070b400000, 0x000000070b600000|  0%| F|  |TAMS 0x000000070b400000| PB 0x000000070b400000| Untracked |  0
|  52|0x000000070b600000, 0x000000070b600000, 0x000000070b800000|  0%| F|  |TAMS 0x000000070b600000| PB 0x000000070b600000| Untracked |  0
|  53|0x000000070b800000, 0x000000070b800000, 0x000000070ba00000|  0%| F|  |TAMS 0x000000070b800000| PB 0x000000070b800000| Untracked |  0
|  54|0x000000070ba00000, 0x000000070ba00000, 0x000000070bc00000|  0%| F|  |TAMS 0x000000070ba00000| PB 0x000000070ba00000| Untracked |  0
|  55|0x000000070bc00000, 0x000000070bc00000, 0x000000070be00000|  0%| F|  |TAMS 0x000000070bc00000| PB 0x000000070bc00000| Untracked |  0
|  56|0x000000070be00000, 0x000000070be00000, 0x000000070c000000|  0%| F|  |TAMS 0x000000070be00000| PB 0x000000070be00000| Untracked |  0
|  57|0x000000070c000000, 0x000000070c000000, 0x000000070c200000|  0%| F|  |TAMS 0x000000070c000000| PB 0x000000070c000000| Untracked |  0
|  58|0x000000070c200000, 0x000000070c200000, 0x000000070c400000|  0%| F|  |TAMS 0x000000070c200000| PB 0x000000070c200000| Untracked |  0
|  59|0x000000070c400000, 0x000000070c400000, 0x000000070c600000|  0%| F|  |TAMS 0x000000070c400000| PB 0x000000070c400000| Untracked |  0
|  60|0x000000070c600000, 0x000000070c600000, 0x000000070c800000|  0%| F|  |TAMS 0x000000070c600000| PB 0x000000070c600000| Untracked |  0
|  61|0x000000070c800000, 0x000000070c800000, 0x000000070ca00000|  0%| F|  |TAMS 0x000000070c800000| PB 0x000000070c800000| Untracked |  0
|  62|0x000000070ca00000, 0x000000070ca00000, 0x000000070cc00000|  0%| F|  |TAMS 0x000000070ca00000| PB 0x000000070ca00000| Untracked |  0
|  63|0x000000070cc00000, 0x000000070cc00000, 0x000000070ce00000|  0%| F|  |TAMS 0x000000070cc00000| PB 0x000000070cc00000| Untracked |  0
|  64|0x000000070ce00000, 0x000000070ce00000, 0x000000070d000000|  0%| F|  |TAMS 0x000000070ce00000| PB 0x000000070ce00000| Untracked |  0
|  65|0x000000070d000000, 0x000000070d000000, 0x000000070d200000|  0%| F|  |TAMS 0x000000070d000000| PB 0x000000070d000000| Untracked |  0
|  66|0x000000070d200000, 0x000000070d200000, 0x000000070d400000|  0%| F|  |TAMS 0x000000070d200000| PB 0x000000070d200000| Untracked |  0
|  67|0x000000070d400000, 0x000000070d400000, 0x000000070d600000|  0%| F|  |TAMS 0x000000070d400000| PB 0x000000070d400000| Untracked |  0
|  68|0x000000070d600000, 0x000000070d600000, 0x000000070d800000|  0%| F|  |TAMS 0x000000070d600000| PB 0x000000070d600000| Untracked |  0
|  69|0x000000070d800000, 0x000000070d800000, 0x000000070da00000|  0%| F|  |TAMS 0x000000070d800000| PB 0x000000070d800000| Untracked |  0
|  70|0x000000070da00000, 0x000000070da00000, 0x000000070dc00000|  0%| F|  |TAMS 0x000000070da00000| PB 0x000000070da00000| Untracked |  0
|  71|0x000000070dc00000, 0x000000070dc00000, 0x000000070de00000|  0%| F|  |TAMS 0x000000070dc00000| PB 0x000000070dc00000| Untracked |  0
|  72|0x000000070de00000, 0x000000070de00000, 0x000000070e000000|  0%| F|  |TAMS 0x000000070de00000| PB 0x000000070de00000| Untracked |  0
|  73|0x000000070e000000, 0x000000070e000000, 0x000000070e200000|  0%| F|  |TAMS 0x000000070e000000| PB 0x000000070e000000| Untracked |  0
|  74|0x000000070e200000, 0x000000070e200000, 0x000000070e400000|  0%| F|  |TAMS 0x000000070e200000| PB 0x000000070e200000| Untracked |  0
|  75|0x000000070e400000, 0x000000070e400000, 0x000000070e600000|  0%| F|  |TAMS 0x000000070e400000| PB 0x000000070e400000| Untracked |  0
|  76|0x000000070e600000, 0x000000070e600000, 0x000000070e800000|  0%| F|  |TAMS 0x000000070e600000| PB 0x000000070e600000| Untracked |  0
|  77|0x000000070e800000, 0x000000070e800000, 0x000000070ea00000|  0%| F|  |TAMS 0x000000070e800000| PB 0x000000070e800000| Untracked |  0
|  78|0x000000070ea00000, 0x000000070ea00000, 0x000000070ec00000|  0%| F|  |TAMS 0x000000070ea00000| PB 0x000000070ea00000| Untracked |  0
|  79|0x000000070ec00000, 0x000000070ec00000, 0x000000070ee00000|  0%| F|  |TAMS 0x000000070ec00000| PB 0x000000070ec00000| Untracked |  0
|  80|0x000000070ee00000, 0x000000070ee00000, 0x000000070f000000|  0%| F|  |TAMS 0x000000070ee00000| PB 0x000000070ee00000| Untracked |  0
|  81|0x000000070f000000, 0x000000070f000000, 0x000000070f200000|  0%| F|  |TAMS 0x000000070f000000| PB 0x000000070f000000| Untracked |  0
|  82|0x000000070f200000, 0x000000070f200000, 0x000000070f400000|  0%| F|  |TAMS 0x000000070f200000| PB 0x000000070f200000| Untracked |  0
|  83|0x000000070f400000, 0x000000070f400000, 0x000000070f600000|  0%| F|  |TAMS 0x000000070f400000| PB 0x000000070f400000| Untracked |  0
|  84|0x000000070f600000, 0x000000070f600000, 0x000000070f800000|  0%| F|  |TAMS 0x000000070f600000| PB 0x000000070f600000| Untracked |  0
|  85|0x000000070f800000, 0x000000070f800000, 0x000000070fa00000|  0%| F|  |TAMS 0x000000070f800000| PB 0x000000070f800000| Untracked |  0
|  86|0x000000070fa00000, 0x000000070fa00000, 0x000000070fc00000|  0%| F|  |TAMS 0x000000070fa00000| PB 0x000000070fa00000| Untracked |  0
|  87|0x000000070fc00000, 0x000000070fc00000, 0x000000070fe00000|  0%| F|  |TAMS 0x000000070fc00000| PB 0x000000070fc00000| Untracked |  0
|  88|0x000000070fe00000, 0x000000070fe00000, 0x0000000710000000|  0%| F|  |TAMS 0x000000070fe00000| PB 0x000000070fe00000| Untracked |  0
|  89|0x0000000710000000, 0x0000000710000000, 0x0000000710200000|  0%| F|  |TAMS 0x0000000710000000| PB 0x0000000710000000| Untracked |  0
|  90|0x0000000710200000, 0x0000000710200000, 0x0000000710400000|  0%| F|  |TAMS 0x0000000710200000| PB 0x0000000710200000| Untracked |  0
|  91|0x0000000710400000, 0x0000000710400000, 0x0000000710600000|  0%| F|  |TAMS 0x0000000710400000| PB 0x0000000710400000| Untracked |  0
|  92|0x0000000710600000, 0x0000000710600000, 0x0000000710800000|  0%| F|  |TAMS 0x0000000710600000| PB 0x0000000710600000| Untracked |  0
|  93|0x0000000710800000, 0x0000000710800000, 0x0000000710a00000|  0%| F|  |TAMS 0x0000000710800000| PB 0x0000000710800000| Untracked |  0
|  94|0x0000000710a00000, 0x0000000710a00000, 0x0000000710c00000|  0%| F|  |TAMS 0x0000000710a00000| PB 0x0000000710a00000| Untracked |  0
|  95|0x0000000710c00000, 0x0000000710c00000, 0x0000000710e00000|  0%| F|  |TAMS 0x0000000710c00000| PB 0x0000000710c00000| Untracked |  0
|  96|0x0000000710e00000, 0x0000000710e00000, 0x0000000711000000|  0%| F|  |TAMS 0x0000000710e00000| PB 0x0000000710e00000| Untracked |  0
|  97|0x0000000711000000, 0x0000000711000000, 0x0000000711200000|  0%| F|  |TAMS 0x0000000711000000| PB 0x0000000711000000| Untracked |  0
|  98|0x0000000711200000, 0x0000000711200000, 0x0000000711400000|  0%| F|  |TAMS 0x0000000711200000| PB 0x0000000711200000| Untracked |  0
|  99|0x0000000711400000, 0x0000000711400000, 0x0000000711600000|  0%| F|  |TAMS 0x0000000711400000| PB 0x0000000711400000| Untracked |  0
| 100|0x0000000711600000, 0x0000000711600000, 0x0000000711800000|  0%| F|  |TAMS 0x0000000711600000| PB 0x0000000711600000| Untracked |  0
| 101|0x0000000711800000, 0x0000000711800000, 0x0000000711a00000|  0%| F|  |TAMS 0x0000000711800000| PB 0x0000000711800000| Untracked |  0
| 102|0x0000000711a00000, 0x0000000711a00000, 0x0000000711c00000|  0%| F|  |TAMS 0x0000000711a00000| PB 0x0000000711a00000| Untracked |  0
| 103|0x0000000711c00000, 0x0000000711c00000, 0x0000000711e00000|  0%| F|  |TAMS 0x0000000711c00000| PB 0x0000000711c00000| Untracked |  0
| 104|0x0000000711e00000, 0x0000000711e00000, 0x0000000712000000|  0%| F|  |TAMS 0x0000000711e00000| PB 0x0000000711e00000| Untracked |  0
| 105|0x0000000712000000, 0x0000000712000000, 0x0000000712200000|  0%| F|  |TAMS 0x0000000712000000| PB 0x0000000712000000| Untracked |  0
| 106|0x0000000712200000, 0x0000000712200000, 0x0000000712400000|  0%| F|  |TAMS 0x0000000712200000| PB 0x0000000712200000| Untracked |  0
| 107|0x0000000712400000, 0x0000000712400000, 0x0000000712600000|  0%| F|  |TAMS 0x0000000712400000| PB 0x0000000712400000| Untracked |  0
| 108|0x0000000712600000, 0x0000000712600000, 0x0000000712800000|  0%| F|  |TAMS 0x0000000712600000| PB 0x0000000712600000| Untracked |  0
| 109|0x0000000712800000, 0x0000000712800000, 0x0000000712a00000|  0%| F|  |TAMS 0x0000000712800000| PB 0x0000000712800000| Untracked |  0
| 110|0x0000000712a00000, 0x0000000712a00000, 0x0000000712c00000|  0%| F|  |TAMS 0x0000000712a00000| PB 0x0000000712a00000| Untracked |  0
| 111|0x0000000712c00000, 0x0000000712c00000, 0x0000000712e00000|  0%| F|  |TAMS 0x0000000712c00000| PB 0x0000000712c00000| Untracked |  0
| 112|0x0000000712e00000, 0x0000000712f6e2d0, 0x0000000713000000| 71%| S|CS|TAMS 0x0000000712e00000| PB 0x0000000712e00000| Complete |  0
| 113|0x0000000713000000, 0x0000000713200000, 0x0000000713200000|100%| S|CS|TAMS 0x0000000713000000| PB 0x0000000713000000| Complete |  0
| 114|0x0000000713200000, 0x0000000713200000, 0x0000000713400000|  0%| F|  |TAMS 0x0000000713200000| PB 0x0000000713200000| Untracked |  0
| 115|0x0000000713400000, 0x0000000713400000, 0x0000000713600000|  0%| F|  |TAMS 0x0000000713400000| PB 0x0000000713400000| Untracked |  0
| 116|0x0000000713600000, 0x0000000713600000, 0x0000000713800000|  0%| F|  |TAMS 0x0000000713600000| PB 0x0000000713600000| Untracked |  0
| 117|0x0000000713800000, 0x0000000713800000, 0x0000000713a00000|  0%| F|  |TAMS 0x0000000713800000| PB 0x0000000713800000| Untracked |  0
| 118|0x0000000713a00000, 0x0000000713a00000, 0x0000000713c00000|  0%| F|  |TAMS 0x0000000713a00000| PB 0x0000000713a00000| Untracked |  0
| 119|0x0000000713c00000, 0x0000000713c00000, 0x0000000713e00000|  0%| F|  |TAMS 0x0000000713c00000| PB 0x0000000713c00000| Untracked |  0
| 120|0x0000000713e00000, 0x0000000713e00000, 0x0000000714000000|  0%| F|  |TAMS 0x0000000713e00000| PB 0x0000000713e00000| Untracked |  0
| 121|0x0000000714000000, 0x0000000714000000, 0x0000000714200000|  0%| F|  |TAMS 0x0000000714000000| PB 0x0000000714000000| Untracked |  0
| 122|0x0000000714200000, 0x0000000714200000, 0x0000000714400000|  0%| F|  |TAMS 0x0000000714200000| PB 0x0000000714200000| Untracked |  0
| 123|0x0000000714400000, 0x0000000714400000, 0x0000000714600000|  0%| F|  |TAMS 0x0000000714400000| PB 0x0000000714400000| Untracked |  0
| 124|0x0000000714600000, 0x0000000714737f10, 0x0000000714800000| 60%| E|  |TAMS 0x0000000714600000| PB 0x0000000714600000| Complete |  0
| 125|0x0000000714800000, 0x0000000714a00000, 0x0000000714a00000|100%| E|CS|TAMS 0x0000000714800000| PB 0x0000000714800000| Complete |  0

Card table byte_map: [0x000001c6f2ba0000,0x000001c6f3380000] _byte_map_base: 0x000001c6ef379000

Marking Bits: (CMBitMap*) 0x000001c6e9879200
 Bits: [0x000001c6f3380000, 0x000001c6f7248000)

Polling page: 0x000001c6e7760000

Metaspace:

Usage:
  Non-class:      7.59 MB used.
      Class:    678.59 KB used.
       Both:      8.26 MB used.

Virtual space:
  Non-class space:       64.00 MB reserved,       7.69 MB ( 12%) committed,  1 nodes.
      Class space:        1.00 GB reserved,     768.00 KB ( <1%) committed,  1 nodes.
             Both:        1.06 GB reserved,       8.44 MB ( <1%) committed. 

Chunk freelists:
   Non-Class:  6.69 MB
       Class:  15.27 MB
        Both:  21.95 MB

MaxMetaspaceSize: unlimited
CompressedClassSpaceSize: 1.00 GB
Initial GC threshold: 21.00 MB
Current GC threshold: 21.00 MB
CDS: on
 - commit_granule_bytes: 65536.
 - commit_granule_words: 8192.
 - virtual_space_node_default_size: 8388608.
 - enlarge_chunks_in_place: 1.
 - use_allocation_guard: 0.


Internal statistics:

num_allocs_failed_limit: 0.
num_arena_births: 76.
num_arena_deaths: 0.
num_vsnodes_births: 2.
num_vsnodes_deaths: 0.
num_space_committed: 134.
num_space_uncommitted: 0.
num_chunks_returned_to_freelist: 0.
num_chunks_taken_from_freelist: 309.
num_chunk_merges: 0.
num_chunk_splits: 228.
num_chunks_enlarged: 184.
num_inconsistent_stats: 0.

CodeHeap 'non-profiled nmethods': size=119168Kb used=687Kb max_used=687Kb free=118480Kb
 bounds [0x000001c687ba0000, 0x000001c687e10000, 0x000001c68f000000]
CodeHeap 'profiled nmethods': size=119104Kb used=3213Kb max_used=3213Kb free=115890Kb
 bounds [0x000001c680000000, 0x000001c680330000, 0x000001c687450000]
CodeHeap 'non-nmethods': size=7488Kb used=2777Kb max_used=3922Kb free=4710Kb
 bounds [0x000001c687450000, 0x000001c687830000, 0x000001c687ba0000]
 total_blobs=2899 nmethods=1739 adapters=1064
 compilation: enabled
              stopped_count=0, restarted_count=0
 full_count=0

Compilation events (20 events):
Event: 6.642 Thread 0x000001c6fa10d820 1717       3       javazoom.jl.decoder.Bitstream::readNextFrame (17 bytes)
Event: 6.643 Thread 0x000001c6fa10d820 nmethod 1717 0x000001c680314210 code [0x000001c6803143c0, 0x000001c6803145c0]
Event: 6.643 Thread 0x000001c6fa10d820 1719   !   3       javazoom.jl.decoder.OutputBuffer::reset (79 bytes)
Event: 6.644 Thread 0x000001c6d41e5b10 nmethod 1716 0x000001c680314690 code [0x000001c680314940, 0x000001c6803155b0]
Event: 6.644 Thread 0x000001c6fa10d820 nmethod 1719 0x000001c680315a90 code [0x000001c680315c40, 0x000001c680315f50]
Event: 6.644 Thread 0x000001c6fa10d820 1720       3       javazoom.jl.decoder.Bitstream::nextFrame (13 bytes)
Event: 6.644 Thread 0x000001c6d41e5b10 1718       3       javazoom.jl.decoder.Bitstream::closeFrame (16 bytes)
Event: 6.645 Thread 0x000001c6fa10d820 nmethod 1720 0x000001c680316190 code [0x000001c680316340, 0x000001c680316498]
Event: 6.645 Thread 0x000001c6fa10d820 1721       3       javazoom.jl.decoder.Header::read_header (510 bytes)
Event: 6.645 Thread 0x000001c6d41e5b10 nmethod 1718 0x000001c680316590 code [0x000001c680316720, 0x000001c680316840]
Event: 6.645 Thread 0x000001c6d41e5b10 1722       3       javazoom.jl.decoder.Bitstream::syncHeader (124 bytes)
Event: 6.647 Thread 0x000001c6d41e5b10 nmethod 1722 0x000001c680316910 code [0x000001c680316b40, 0x000001c6803171d8]
Event: 6.647 Thread 0x000001c6d41e5b10 1723       3       javazoom.jl.decoder.Header::calculate_framesize (283 bytes)
Event: 6.648 Thread 0x000001c6d41e5b10 nmethod 1723 0x000001c680317510 code [0x000001c680317700, 0x000001c680317d40]
Event: 6.648 Thread 0x000001c6fa10d820 nmethod 1721 0x000001c680318090 code [0x000001c6803183c0, 0x000001c6803197f8]
Event: 6.796 Thread 0x000001c6fa109d00 1724       4       com.badlogic.gdx.utils.Array::clear (19 bytes)
Event: 6.801 Thread 0x000001c6fa109d00 nmethod 1724 0x000001c687c4b710 code [0x000001c687c4b8a0, 0x000001c687c4ba60]
Event: 6.863 Thread 0x000001c6fa10d820 1725       3       com.badlogic.gdx.backends.lwjgl3.Lwjgl3Graphics::getHeight (26 bytes)
Event: 6.864 Thread 0x000001c6fa10d820 nmethod 1725 0x000001c680319d90 code [0x000001c680319f40, 0x000001c68031a0f0]
Event: 6.927 Thread 0x000001c6fa10d820 1726       1       java.util.concurrent.atomic.AtomicInteger::get (5 bytes)

GC Heap History (2 events):
Event: 3.387 GC heap before
{Heap before GC invocations=0 (full 0):
 garbage-first heap   total reserved 4114432K, committed 258048K, used 24576K [0x0000000704e00000, 0x0000000800000000)
  region size 2048K, 12 young (24576K), 0 survivors (0K)
 Metaspace       used 7928K, committed 8128K, reserved 1114112K
  class space    used 626K, committed 768K, reserved 1048576K
}
Event: 3.392 GC heap after
{Heap after GC invocations=1 (full 0):
 garbage-first heap   total reserved 4114432K, committed 258048K, used 3512K [0x0000000704e00000, 0x0000000800000000)
  region size 2048K, 2 young (4096K), 2 survivors (4096K)
 Metaspace       used 7928K, committed 8128K, reserved 1114112K
  class space    used 626K, committed 768K, reserved 1048576K
}

Dll operation events (10 events):
Event: 0.008 Loaded shared library C:\Users\DELL\.jdks\openjdk-22.0.2\bin\java.dll
Event: 0.039 Loaded shared library C:\Users\DELL\.jdks\openjdk-22.0.2\bin\jsvml.dll
Event: 0.091 Loaded shared library C:\Users\DELL\.jdks\openjdk-22.0.2\bin\net.dll
Event: 0.093 Loaded shared library C:\Users\DELL\.jdks\openjdk-22.0.2\bin\nio.dll
Event: 0.096 Loaded shared library C:\Users\DELL\.jdks\openjdk-22.0.2\bin\zip.dll
Event: 0.226 Loaded shared library C:\Users\DELL\.jdks\openjdk-22.0.2\bin\jimage.dll
Event: 0.238 Loaded shared library C:\ProgramData\libGDX-temp\libgdxDELL\8d3b5089\gdx64.dll
Event: 0.321 Loaded shared library C:\ProgramData\libGDX-temp\lwjgl_DELL\3.3.4+7\x64\lwjgl.dll
Event: 0.618 Loaded shared library C:\ProgramData\libGDX-temp\lwjgl_DELL\3.3.4+7\x64\lwjgl_opengl.dll
Event: 3.400 Loaded shared library C:\ProgramData\libGDX-temp\libgdxDELL\4ca5c0bf\gdx-box2d64.dll

Deoptimization events (20 events):
Event: 3.949 Thread 0x000001c6e7552300 DEOPT PACKING pc=0x000001c687bf4ca0 sp=0x00000095403ff0d0
Event: 3.949 Thread 0x000001c6e7552300 DEOPT UNPACKING pc=0x000001c6874a46a2 sp=0x00000095403ff058 mode 2
Event: 4.973 Thread 0x000001c6e7552300 DEOPT PACKING pc=0x000001c6802ffcb0 sp=0x00000095403ff3f0
Event: 4.973 Thread 0x000001c6e7552300 DEOPT UNPACKING pc=0x000001c6874a4e42 sp=0x00000095403fe8d8 mode 0
Event: 6.225 Thread 0x000001c6e7552300 Uncommon trap: trap_request=0xffffffd6 fr.pc=0x000001c687c3d340 relative=0x00000000000001e0
Event: 6.225 Thread 0x000001c6e7552300 Uncommon trap: reason=array_check action=maybe_recompile pc=0x000001c687c3d340 method=com.badlogic.gdx.utils.Array.add(Ljava/lang/Object;)V @ 46 c2
Event: 6.225 Thread 0x000001c6e7552300 DEOPT PACKING pc=0x000001c687c3d340 sp=0x00000095403ff1b0
Event: 6.225 Thread 0x000001c6e7552300 DEOPT UNPACKING pc=0x000001c6874a46a2 sp=0x00000095403ff158 mode 2
Event: 6.229 Thread 0x000001c6e7552300 Uncommon trap: trap_request=0xffffffd6 fr.pc=0x000001c687c3d340 relative=0x00000000000001e0
Event: 6.229 Thread 0x000001c6e7552300 Uncommon trap: reason=array_check action=maybe_recompile pc=0x000001c687c3d340 method=com.badlogic.gdx.utils.Array.add(Ljava/lang/Object;)V @ 46 c2
Event: 6.229 Thread 0x000001c6e7552300 DEOPT PACKING pc=0x000001c687c3d340 sp=0x00000095403ff1b0
Event: 6.229 Thread 0x000001c6e7552300 DEOPT UNPACKING pc=0x000001c6874a46a2 sp=0x00000095403ff158 mode 2
Event: 6.232 Thread 0x000001c6e7552300 Uncommon trap: trap_request=0xffffffd6 fr.pc=0x000001c687c3d340 relative=0x00000000000001e0
Event: 6.232 Thread 0x000001c6e7552300 Uncommon trap: reason=array_check action=maybe_recompile pc=0x000001c687c3d340 method=com.badlogic.gdx.utils.Array.add(Ljava/lang/Object;)V @ 46 c2
Event: 6.232 Thread 0x000001c6e7552300 DEOPT PACKING pc=0x000001c687c3d340 sp=0x00000095403ff1b0
Event: 6.232 Thread 0x000001c6e7552300 DEOPT UNPACKING pc=0x000001c6874a46a2 sp=0x00000095403ff158 mode 2
Event: 6.233 Thread 0x000001c6e7552300 Uncommon trap: trap_request=0xffffffd6 fr.pc=0x000001c687c3d340 relative=0x00000000000001e0
Event: 6.233 Thread 0x000001c6e7552300 Uncommon trap: reason=array_check action=maybe_recompile pc=0x000001c687c3d340 method=com.badlogic.gdx.utils.Array.add(Ljava/lang/Object;)V @ 46 c2
Event: 6.233 Thread 0x000001c6e7552300 DEOPT PACKING pc=0x000001c687c3d340 sp=0x00000095403ff260
Event: 6.233 Thread 0x000001c6e7552300 DEOPT UNPACKING pc=0x000001c6874a46a2 sp=0x00000095403ff208 mode 2

Classes loaded (20 events):
Event: 3.407 Loading class java/util/concurrent/ScheduledExecutorService done
Event: 3.407 Loading class java/util/concurrent/ScheduledThreadPoolExecutor done
Event: 3.408 Loading class java/util/concurrent/ScheduledThreadPoolExecutor$DelayedWorkQueue
Event: 3.408 Loading class java/util/concurrent/ScheduledThreadPoolExecutor$DelayedWorkQueue done
Event: 3.408 Loading class java/util/concurrent/RunnableScheduledFuture
Event: 3.408 Loading class java/util/concurrent/ScheduledFuture
Event: 3.408 Loading class java/util/concurrent/Delayed
Event: 3.408 Loading class java/util/concurrent/Delayed done
Event: 3.408 Loading class java/util/concurrent/ScheduledFuture done
Event: 3.408 Loading class java/util/concurrent/RunnableScheduledFuture done
Event: 3.408 Loading class java/util/concurrent/Executors$DefaultThreadFactory
Event: 3.408 Loading class java/util/concurrent/Executors$DefaultThreadFactory done
Event: 3.408 Loading class java/util/LinkedList$Node
Event: 3.408 Loading class java/util/LinkedList$Node done
Event: 5.922 Loading class java/lang/invoke/DirectMethodHandle$Special
Event: 5.922 Loading class java/lang/invoke/DirectMethodHandle$Special done
Event: 5.923 Loading class java/util/concurrent/ScheduledThreadPoolExecutor$ScheduledFutureTask
Event: 5.923 Loading class java/util/concurrent/ScheduledThreadPoolExecutor$ScheduledFutureTask done
Event: 5.923 Loading class java/util/concurrent/Executors$RunnableAdapter
Event: 5.923 Loading class java/util/concurrent/Executors$RunnableAdapter done

Classes unloaded (0 events):
No events

Classes redefined (0 events):
No events

Internal exceptions (20 events):
Event: 0.370 Thread 0x000001c6e7552300 Exception <a 'java/lang/NoSuchMethodError'{0x0000000714173db8}: 'java.lang.Object java.lang.invoke.DirectMethodHandle$Holder.newInvokeSpecial(java.lang.Object, java.lang.Object, int)'> (0x0000000714173db8) 
thrown [s\open\src\hotspot\share\interpreter\linkResolver.cpp, line 774]
Event: 0.372 Thread 0x000001c6e7552300 Exception <a 'java/lang/NoSuchMethodError'{0x0000000714185c48}: 'int java.lang.invoke.DirectMethodHandle$Holder.invokeStaticInit(java.lang.Object, java.lang.Object, long, long)'> (0x0000000714185c48) 
thrown [s\open\src\hotspot\share\interpreter\linkResolver.cpp, line 774]
Event: 0.372 Thread 0x000001c6e7552300 Exception <a 'java/lang/NoSuchMethodError'{0x000000071418b6d0}: 'java.lang.Object java.lang.invoke.DirectMethodHandle$Holder.newInvokeSpecial(java.lang.Object, java.lang.Object, long)'> (0x000000071418b6d0) 
thrown [s\open\src\hotspot\share\interpreter\linkResolver.cpp, line 774]
Event: 0.372 Thread 0x000001c6e7552300 Exception <a 'java/lang/NoSuchMethodError'{0x000000071418f578}: 'java.lang.Object java.lang.invoke.Invokers$Holder.linkToTargetMethod(java.lang.Object, long, java.lang.Object)'> (0x000000071418f578) 
thrown [s\open\src\hotspot\share\interpreter\linkResolver.cpp, line 774]
Event: 0.373 Thread 0x000001c6e7552300 Exception <a 'java/lang/NoSuchMethodError'{0x00000007141967d8}: 'int java.lang.invoke.DirectMethodHandle$Holder.invokeStaticInit(java.lang.Object, java.lang.Object, java.lang.Object, long)'> (0x00000007141967d8) 
thrown [s\open\src\hotspot\share\interpreter\linkResolver.cpp, line 774]
Event: 0.391 Thread 0x000001c6e7552300 Exception <a 'sun/nio/fs/WindowsException'{0x0000000713e232c0}> (0x0000000713e232c0) 
thrown [s\open\src\hotspot\share\prims\jni.cpp, line 520]
Event: 0.391 Thread 0x000001c6e7552300 Exception <a 'sun/nio/fs/WindowsException'{0x0000000713e23620}> (0x0000000713e23620) 
thrown [s\open\src\hotspot\share\prims\jni.cpp, line 520]
Event: 0.417 Thread 0x000001c6e7552300 Exception <a 'sun/nio/fs/WindowsException'{0x0000000713ed4618}> (0x0000000713ed4618) 
thrown [s\open\src\hotspot\share\prims\jni.cpp, line 520]
Event: 0.417 Thread 0x000001c6e7552300 Exception <a 'sun/nio/fs/WindowsException'{0x0000000713ed4948}> (0x0000000713ed4948) 
thrown [s\open\src\hotspot\share\prims\jni.cpp, line 520]
Event: 0.422 Thread 0x000001c6e7552300 Exception <a 'java/lang/NoSuchMethodError'{0x0000000713edbe10}: 'int java.lang.invoke.Invokers$Holder.invokeExact_MT(java.lang.Object, java.lang.Object)'> (0x0000000713edbe10) 
thrown [s\open\src\hotspot\share\interpreter\linkResolver.cpp, line 774]
Event: 0.454 Thread 0x000001c6e7552300 Exception <a 'sun/nio/fs/WindowsException'{0x0000000713fe5ad8}> (0x0000000713fe5ad8) 
thrown [s\open\src\hotspot\share\prims\jni.cpp, line 520]
Event: 0.454 Thread 0x000001c6e7552300 Exception <a 'sun/nio/fs/WindowsException'{0x0000000713fe5e28}> (0x0000000713fe5e28) 
thrown [s\open\src\hotspot\share\prims\jni.cpp, line 520]
Event: 0.509 Thread 0x000001c6e7552300 Exception <a 'java/lang/NoSuchMethodError'{0x0000000713c1b3c8}: 'java.lang.Object java.lang.invoke.DirectMethodHandle$Holder.newInvokeSpecial(java.lang.Object, long)'> (0x0000000713c1b3c8) 
thrown [s\open\src\hotspot\share\interpreter\linkResolver.cpp, line 774]
Event: 0.606 Thread 0x000001c6e7552300 Exception <a 'java/lang/NoSuchMethodError'{0x0000000713db2548}: 'void java.lang.invoke.DirectMethodHandle$Holder.invokeStatic(java.lang.Object, long)'> (0x0000000713db2548) 
thrown [s\open\src\hotspot\share\interpreter\linkResolver.cpp, line 774]
Event: 0.613 Thread 0x000001c6e7552300 Exception <a 'java/lang/NoSuchMethodError'{0x0000000713dd07c0}: 'void java.lang.System.load(java.lang.String, java.lang.Class)'> (0x0000000713dd07c0) 
thrown [s\open\src\hotspot\share\interpreter\linkResolver.cpp, line 774]
Event: 0.614 Thread 0x000001c6e7552300 Exception <a 'java/lang/NoSuchMethodError'{0x0000000713dd3210}: 'void java.lang.System.loadLibrary(java.lang.String, java.lang.Class)'> (0x0000000713dd3210) 
thrown [s\open\src\hotspot\share\interpreter\linkResolver.cpp, line 774]
Event: 0.617 Thread 0x000001c6e7552300 Exception <a 'sun/nio/fs/WindowsException'{0x0000000713de2b18}> (0x0000000713de2b18) 
thrown [s\open\src\hotspot\share\prims\jni.cpp, line 520]
Event: 0.617 Thread 0x000001c6e7552300 Exception <a 'sun/nio/fs/WindowsException'{0x0000000713de2e88}> (0x0000000713de2e88) 
thrown [s\open\src\hotspot\share\prims\jni.cpp, line 520]
Event: 0.622 Thread 0x000001c6e7552300 Exception <a 'sun/nio/fs/WindowsException'{0x0000000713deccd0}> (0x0000000713deccd0) 
thrown [s\open\src\hotspot\share\prims\jni.cpp, line 520]
Event: 0.622 Thread 0x000001c6e7552300 Exception <a 'sun/nio/fs/WindowsException'{0x0000000713decf70}> (0x0000000713decf70) 
thrown [s\open\src\hotspot\share\prims\jni.cpp, line 520]

ZGC Phase Switch (0 events):
No events

VM Operations (20 events):
Event: 0.281 Executing VM operation: HandshakeAllThreads (Deoptimize)
Event: 0.281 Executing VM operation: HandshakeAllThreads (Deoptimize) done
Event: 1.291 Executing VM operation: Cleanup
Event: 1.291 Executing VM operation: Cleanup done
Event: 2.081 Executing VM operation: HandshakeAllThreads (Deoptimize)
Event: 2.081 Executing VM operation: HandshakeAllThreads (Deoptimize) done
Event: 2.393 Executing VM operation: HandshakeAllThreads (Deoptimize)
Event: 2.393 Executing VM operation: HandshakeAllThreads (Deoptimize) done
Event: 2.393 Executing VM operation: Cleanup
Event: 2.393 Executing VM operation: Cleanup done
Event: 3.387 Executing VM operation: G1CollectForAllocation (G1 Evacuation Pause)
Event: 3.392 Executing VM operation: G1CollectForAllocation (G1 Evacuation Pause) done
Event: 3.395 Executing VM operation: HandshakeAllThreads (Deoptimize)
Event: 3.395 Executing VM operation: HandshakeAllThreads (Deoptimize) done
Event: 4.395 Executing VM operation: Cleanup
Event: 4.395 Executing VM operation: Cleanup done
Event: 5.396 Executing VM operation: Cleanup
Event: 5.397 Executing VM operation: Cleanup done
Event: 6.398 Executing VM operation: Cleanup
Event: 6.398 Executing VM operation: Cleanup done

Memory protections (0 events):
No events

Nmethod flushes (0 events):
No events

Events (20 events):
Event: 0.520 Thread 0x000001c6e7552300 Thread added: 0x000001c6d4d2d0c0
Event: 0.617 Thread 0x000001c6d43cad60 Thread exited: 0x000001c6d43cad60
Event: 1.064 Thread 0x000001c6d4d47350 Thread added: 0x000001c6d562b300
Event: 1.087 Thread 0x000001c6e7552300 Thread added: 0x000001c6d573c0c0
Event: 1.213 Thread 0x000001c6d562b300 Thread exited: 0x000001c6d562b300
Event: 2.081 Thread 0x000001c6e7552300 Thread added: 0x000001c6d57f33d0
Event: 2.397 Thread 0x000001c6d41e5b10 Thread added: 0x000001c6d5a847a0
Event: 2.550 Thread 0x000001c6d5a847a0 Thread exited: 0x000001c6d5a847a0
Event: 4.737 Thread 0x000001c6d4d47350 Thread added: 0x000001c6d58aa700
Event: 4.737 Thread 0x000001c6d4d47350 Thread added: 0x000001c6d5746380
Event: 5.303 Thread 0x000001c6d5746380 Thread exited: 0x000001c6d5746380
Event: 5.303 Thread 0x000001c6d4d47350 Thread exited: 0x000001c6d4d47350
Event: 5.474 Thread 0x000001c6d58aa700 Thread exited: 0x000001c6d58aa700
Event: 5.553 Thread 0x000001c6d41e61d0 Thread exited: 0x000001c6d41e61d0
Event: 5.924 Thread 0x000001c6e7552300 Thread added: 0x000001c6d41e61d0
Event: 5.926 Thread 0x000001c6e7552300 Thread added: 0x000001c6d56af720
Event: 6.068 Thread 0x000001c6fa109d00 Thread added: 0x000001c6d58aa700
Event: 6.068 Thread 0x000001c6fa109d00 Thread added: 0x000001c6d49e5270
Event: 6.225 Thread 0x000001c6d49e5270 Thread exited: 0x000001c6d49e5270
Event: 6.229 Thread 0x000001c6d58aa700 Thread exited: 0x000001c6d58aa700


Dynamic libraries:
0x00007ff676480000 - 0x00007ff67648e000 	C:\Users\DELL\.jdks\openjdk-22.0.2\bin\java.exe
0x00007ffb76ef0000 - 0x00007ffb77107000 	C:\Windows\SYSTEM32\ntdll.dll
0x00007ffb75530000 - 0x00007ffb755f4000 	C:\Windows\System32\KERNEL32.DLL
0x00007ffb74850000 - 0x00007ffb74c09000 	C:\Windows\System32\KERNELBASE.dll
0x00007ffb741f0000 - 0x00007ffb74301000 	C:\Windows\System32\ucrtbase.dll
0x00007ffb6af80000 - 0x00007ffb6af97000 	C:\Users\DELL\.jdks\openjdk-22.0.2\bin\jli.dll
0x00007ffb5c960000 - 0x00007ffb5c97b000 	C:\Users\DELL\.jdks\openjdk-22.0.2\bin\VCRUNTIME140.dll
0x00007ffb75380000 - 0x00007ffb7552e000 	C:\Windows\System32\USER32.dll
0x00007ffb743d0000 - 0x00007ffb743f6000 	C:\Windows\System32\win32u.dll
0x00007ffb5b0b0000 - 0x00007ffb5b342000 	C:\Windows\WinSxS\amd64_microsoft.windows.common-controls_6595b64144ccf1df_6.0.22621.4391_none_2715d37f73803e96\COMCTL32.dll
0x00007ffb74ec0000 - 0x00007ffb74ee9000 	C:\Windows\System32\GDI32.dll
0x00007ffb76ad0000 - 0x00007ffb76b77000 	C:\Windows\System32\msvcrt.dll
0x00007ffb74400000 - 0x00007ffb7451b000 	C:\Windows\System32\gdi32full.dll
0x00007ffb74740000 - 0x00007ffb747da000 	C:\Windows\System32\msvcp_win.dll
0x00007ffb76000000 - 0x00007ffb76031000 	C:\Windows\System32\IMM32.DLL
0x00007ffb5ca50000 - 0x00007ffb5ca5c000 	C:\Users\DELL\.jdks\openjdk-22.0.2\bin\vcruntime140_1.dll
0x00007ffb3c590000 - 0x00007ffb3c61e000 	C:\Users\DELL\.jdks\openjdk-22.0.2\bin\msvcp140.dll
0x00007ffb18f10000 - 0x00007ffb19c59000 	C:\Users\DELL\.jdks\openjdk-22.0.2\bin\server\jvm.dll
0x00007ffb74c10000 - 0x00007ffb74cc2000 	C:\Windows\System32\ADVAPI32.dll
0x00007ffb74ef0000 - 0x00007ffb74f97000 	C:\Windows\System32\sechost.dll
0x00007ffb74690000 - 0x00007ffb746b8000 	C:\Windows\System32\bcrypt.dll
0x00007ffb76040000 - 0x00007ffb76154000 	C:\Windows\System32\RPCRT4.dll
0x00007ffb74cd0000 - 0x00007ffb74d41000 	C:\Windows\System32\WS2_32.dll
0x00007ffb73080000 - 0x00007ffb730cd000 	C:\Windows\SYSTEM32\POWRPROF.dll
0x00007ffb6b320000 - 0x00007ffb6b354000 	C:\Windows\SYSTEM32\WINMM.dll
0x00007ffb69850000 - 0x00007ffb6985a000 	C:\Windows\SYSTEM32\VERSION.dll
0x00007ffb73060000 - 0x00007ffb73073000 	C:\Windows\SYSTEM32\UMPDC.dll
0x00007ffb73320000 - 0x00007ffb73338000 	C:\Windows\SYSTEM32\kernel.appcore.dll
0x00007ffb5c740000 - 0x00007ffb5c74a000 	C:\Users\DELL\.jdks\openjdk-22.0.2\bin\jimage.dll
0x00007ffb71b00000 - 0x00007ffb71d32000 	C:\Windows\SYSTEM32\DBGHELP.DLL
0x00007ffb75c70000 - 0x00007ffb75fff000 	C:\Windows\System32\combase.dll
0x00007ffb769f0000 - 0x00007ffb76ac7000 	C:\Windows\System32\OLEAUT32.dll
0x00007ffb675e0000 - 0x00007ffb67612000 	C:\Windows\SYSTEM32\dbgcore.DLL
0x00007ffb746c0000 - 0x00007ffb7473b000 	C:\Windows\System32\bcryptPrimitives.dll
0x00007ffb5c390000 - 0x00007ffb5c3ae000 	C:\Users\DELL\.jdks\openjdk-22.0.2\bin\java.dll
0x00007ffb76160000 - 0x00007ffb769d6000 	C:\Windows\System32\SHELL32.dll
0x00007ffb76ca0000 - 0x00007ffb76e45000 	C:\Windows\System32\ole32.dll
0x00007ffb72100000 - 0x00007ffb72a03000 	C:\Windows\SYSTEM32\windows.storage.dll
0x00007ffb71fc0000 - 0x00007ffb720ff000 	C:\Windows\SYSTEM32\wintypes.dll
0x00007ffb750d0000 - 0x00007ffb751c9000 	C:\Windows\System32\SHCORE.dll
0x00007ffb74fc0000 - 0x00007ffb7501e000 	C:\Windows\System32\shlwapi.dll
0x00007ffb74120000 - 0x00007ffb7414b000 	C:\Windows\SYSTEM32\profapi.dll
0x00007ffb37bf0000 - 0x00007ffb37cc7000 	C:\Users\DELL\.jdks\openjdk-22.0.2\bin\jsvml.dll
0x00007ffb5bde0000 - 0x00007ffb5bdf0000 	C:\Users\DELL\.jdks\openjdk-22.0.2\bin\net.dll
0x00007ffb737a0000 - 0x00007ffb73809000 	C:\Windows\system32\mswsock.dll
0x00007ffb5bbd0000 - 0x00007ffb5bbe6000 	C:\Users\DELL\.jdks\openjdk-22.0.2\bin\nio.dll
0x00007ffb5c040000 - 0x00007ffb5c057000 	C:\Users\DELL\.jdks\openjdk-22.0.2\bin\zip.dll
0x000000006e700000 - 0x000000006e72d000 	C:\ProgramData\libGDX-temp\libgdxDELL\8d3b5089\gdx64.dll
0x00007ffb16f40000 - 0x00007ffb16fbb000 	C:\ProgramData\libGDX-temp\lwjgl_DELL\3.3.4+7\x64\lwjgl.dll
0x00007ffb06310000 - 0x00007ffb06581000 	C:\ProgramData\libGDX-temp\lwjgl_DELL\3.3.4+7\x64\jemalloc.dll
0x00007ffb16dd0000 - 0x00007ffb16e55000 	C:\ProgramData\libGDX-temp\lwjgl_DELL\3.3.4+7\x64\glfw.dll
0x00007ffb5c750000 - 0x00007ffb5c796000 	C:\Windows\SYSTEM32\dinput8.dll
0x00007ffb58220000 - 0x00007ffb58231000 	C:\Windows\SYSTEM32\xinput1_4.dll
0x00007ffb73ee0000 - 0x00007ffb73f2e000 	C:\Windows\SYSTEM32\cfgmgr32.dll
0x00007ffb73eb0000 - 0x00007ffb73edc000 	C:\Windows\SYSTEM32\DEVOBJ.dll
0x00007ffb6eb10000 - 0x00007ffb6eb3b000 	C:\Windows\SYSTEM32\dwmapi.dll
0x00007ffb54480000 - 0x00007ffb54693000 	C:\Windows\SYSTEM32\inputhost.dll
0x00007ffb6cca0000 - 0x00007ffb6cdd3000 	C:\Windows\SYSTEM32\CoreMessaging.dll
0x00007ffb6e880000 - 0x00007ffb6e931000 	C:\Windows\system32\uxtheme.dll
0x00007ffb73a10000 - 0x00007ffb73a1c000 	C:\Windows\SYSTEM32\CRYPTBASE.DLL
0x00007ffb74d50000 - 0x00007ffb74eb0000 	C:\Windows\System32\MSCTF.dll
0x00007ffaeffd0000 - 0x00007ffaf01ad000 	C:\ProgramData\libGDX-temp\lwjgl_DELL\3.3.4+7\x64\OpenAL.dll
0x00007ffb751d0000 - 0x00007ffb75280000 	C:\Windows\System32\clbcatq.dll
0x00007ffb684f0000 - 0x00007ffb6858e000 	C:\Windows\System32\MMDevApi.dll
0x00007ffb5a600000 - 0x00007ffb5a7ed000 	C:\Windows\SYSTEM32\AUDIOSES.DLL
0x00007ffb71770000 - 0x00007ffb71785000 	C:\Windows\SYSTEM32\resourcepolicyclient.dll
0x00007ffb54c00000 - 0x00007ffb54d00000 	C:\Windows\SYSTEM32\opengl32.dll
0x00007ffb67b10000 - 0x00007ffb67b3d000 	C:\Windows\SYSTEM32\GLU32.dll
0x00007ffb712f0000 - 0x00007ffb71327000 	C:\Windows\SYSTEM32\dxcore.dll
0x00007ffb6a3d0000 - 0x00007ffb6a419000 	C:\Windows\SYSTEM32\directxdatabasehelper.dll
0x00007ffb69a70000 - 0x00007ffb69bb4000 	C:\Windows\System32\AppXDeploymentClient.dll
0x00007ffade260000 - 0x00007ffadf4c9000 	C:\Windows\System32\DriverStore\FileRepository\iigd_dch.inf_amd64_bcc3ca7fdd6d5f38\igxelpicd64.dll
0x00007ffb6ea00000 - 0x00007ffb6eaf7000 	C:\Windows\system32\dxgi.dll
0x00007ffadd9b0000 - 0x00007ffaddcfc000 	C:\Windows\System32\DriverStore\FileRepository\iigd_dch.inf_amd64_bcc3ca7fdd6d5f38\igdml64.dll
0x00007ffb640b0000 - 0x00007ffb644ee000 	C:\Windows\System32\DriverStore\FileRepository\iigd_dch.inf_amd64_bcc3ca7fdd6d5f38\igdgmm64.dll
0x00007ffb5ffb0000 - 0x00007ffb64004000 	C:\Windows\System32\DriverStore\FileRepository\iigd_dch.inf_amd64_bcc3ca7fdd6d5f38\igc64.dll
0x00007ffb6df10000 - 0x00007ffb6dfcc000 	C:\Windows\SYSTEM32\mscms.dll
0x00007ffb20dc0000 - 0x00007ffb20e09000 	C:\Windows\SYSTEM32\icm32.dll
0x00007ffb1b650000 - 0x00007ffb1b6b1000 	C:\ProgramData\libGDX-temp\lwjgl_DELL\3.3.4+7\x64\lwjgl_opengl.dll
0x00007ffb5a3f0000 - 0x00007ffb5a535000 	C:\Windows\SYSTEM32\textinputframework.dll
0x00007ffb68990000 - 0x00007ffb68cfd000 	C:\Windows\SYSTEM32\CoreUIComponents.dll
0x0000000066b00000 - 0x0000000066b5a000 	C:\ProgramData\libGDX-temp\libgdxDELL\4ca5c0bf\gdx-box2d64.dll

dbghelp: loaded successfully - version: 4.0.5 - missing functions: none
symbol engine: initialized successfully - sym options: 0x614 - pdb path: .;C:\Users\DELL\.jdks\openjdk-22.0.2\bin;C:\Windows\SYSTEM32;C:\Windows\WinSxS\amd64_microsoft.windows.common-controls_6595b64144ccf1df_6.0.22621.4391_none_2715d37f73803e96;C:\Users\DELL\.jdks\openjdk-22.0.2\bin\server;C:\ProgramData\libGDX-temp\libgdxDELL\8d3b5089;C:\ProgramData\libGDX-temp\lwjgl_DELL\3.3.4+7\x64;C:\Windows\System32\DriverStore\FileRepository\iigd_dch.inf_amd64_bcc3ca7fdd6d5f38;C:\ProgramData\libGDX-temp\libgdxDELL\4ca5c0bf

VM Arguments:
jvm_args: -Dfile.encoding=UTF-8 -Duser.country=IN -Duser.language=en -Duser.variant 
java_command: github.com.lwjgl3.Lwjgl3Launcher
java_class_path (initial): C:\UTKARSH\IIITD\AP\angry-birds\myProject\lwjgl3\build\classes\java\main;C:\UTKARSH\IIITD\AP\angry-birds\myProject\lwjgl3\build\resources\main;C:\Users\DELL\.gradle\caches\modules-2\files-2.1\com.badlogicgames.gdx-controllers\gdx-controllers-desktop\2.2.3\f496535b094461487a71b3f23a17cd7d524de0f5\gdx-controllers-desktop-2.2.3.jar;C:\Users\DELL\.gradle\caches\modules-2\files-2.1\com.badlogicgames.gdx\gdx-backend-lwjgl3\1.13.0\bd205dae964d9e06432a14bc29de98ae22b0e342\gdx-backend-lwjgl3-1.13.0.jar;C:\Users\DELL\.gradle\caches\modules-2\files-2.1\com.badlogicgames.gdx\gdx-box2d-platform\1.13.0\ba92923a9b6b75a20212e8ca215fa22f93810da8\gdx-box2d-platform-1.13.0-natives-desktop.jar;C:\Users\DELL\.gradle\caches\modules-2\files-2.1\com.badlogicgames.gdx\gdx-bullet-platform\1.13.0\90dcec4c8ef0d64060bcce26f7f4b1c29db65e81\gdx-bullet-platform-1.13.0-natives-desktop.jar;C:\Users\DELL\.gradle\caches\modules-2\files-2.1\com.badlogicgames.gdx\gdx-freetype-platform\1.13.0\8e2e4275e14852d8e7cf2ecac178ab7667fd3729\gdx-freetype-platform-1.13.0-natives-desktop.jar;C:\Users\DELL\.gradle\caches\modules-2\files-2.1\com.badlogicgames.gdx\gdx-platform\1.13.0\86a8c9c55b62d5ea3a6532d25f3afa8314f69e78\gdx-platform-1.13.0-natives-desktop.jar;C:\UTKARSH\IIITD\AP\angry-birds\myProject\core\build\libs\core-$projectVersion.jar;C:\Users\DELL\.gradle\caches\modules-2\files-2.1\com.badlogicgames.gdx\gdx-tools\1.13.0\6e3df666aafb978b69b400bad733749cd8b028dd\gdx-tools-1.13.0.jar;C:\Users\DELL\.gradle\caches\modules-2\files-2.1\com.badlogicgames.gdx-controllers\gdx-controllers-core\2.2.3\82b77d6cb6394420cdd480fc2ab373f7ba5e0e45\gdx-controllers-core-2.2.3.jar;C:\Users\DELL\.gradle\caches\modules-2\files-2.1\com.badlogicgames.jamepad\jamepad\2.0.20.0\55eb0007fd55c9914d106dac3387b9d444572cab\jamepad-2.0.20.0.jar;C:\Users\DELL\.gradle\caches\modules-2\files-2.1\com.badlogicgames.box2dlights\box2dlights\1.5\6902dbcd250c95a27973aa24a147a95b3828d348\box2dlights-1.5.jar;C:\Users\DELL\.gradle\caches\modules-2\files-2.1\com.badlogicgames.gdx\gdx-box2d\1.13.0\4e3dec7944c9f1972a6628922b54390a4f4dea44\gdx-box2d-1.13.0.jar;C:\Users\DELL\.gradle\caches\modules-2\files-2.1\com.badlogicgames.gdx\gdx-bullet\1.13.0\e28a548808fa06b7ad1e102a490ec7a32878d828\gdx-bullet-1.13.0.jar;C:\Users\DELL\.gradle\caches\modules-2\files-2.1\com.badlogicgames.gdx\gdx-freetype\1.13.0\283b1d86af06bff6dc4b33523d98fe7f44c9dcaa\gdx-freetype-1.13.0.jar;C:\Users\DELL\.gradle\caches\modules-2\files-2.1\com.badlogicgames.gdx\gdx-backend-headless\1.13.0\f3f112c5ed02e8dba857ae14567849be79c702ea\gdx-backend-headless-1.13.0.jar;C:\Users\DELL\.gradle\caches\modules-2\files-2.1\com.badlogicgames.gdx\gdx\1.13.0\5ad34f11004a70f4f2c55456461ab1dbf438eeea\gdx-1.13.0.jar;C:\Users\DELL\.gradle\caches\modules-2\files-2.1\org.lwjgl\lwjgl-glfw\3.3.4\7e46ecdec85db8738053cfde1414352cd62dab74\lwjgl-glfw-3.3.4.jar;C:\Users\DELL\.gradle\caches\modules-2\files-2.1\org.lwjgl\lwjgl-glfw\3.3.4\91e3d4b56d6d1369ef107b9d7801c9f38125c590\lwjgl-glfw-3.3.4-natives-linux.jar;C:\Users\DELL\.gradle\caches\modules-2\files-2.1\org.lwjgl\lwjgl-glfw\3.3.4\449b8e4b7cf5c91b307605196230be84b1c51e9c\lwjgl-glfw-3.3.4-natives-linux-arm32.jar;C:\Users\DELL\.gradle\caches\modules-2\files-2.1\org.lwjgl\lwjgl-glfw\3.3.4\6ed16dab2ee0d1325bcc5c0fdeabf53d2695fce2\lwjgl-glfw-3.3.4-natives-linux-arm64.jar;C:\Users\DELL\.gradle\caches\modules-2\files-2.1\org.lwjgl\lwjgl-glfw\3.3.4\9582481036b6fb762c3f791e2ed26128152a1cec\lwjgl-glfw-3.3.4-natives-linux-riscv64.jar;C:\Users\DELL\.gradle\caches\modules-2\files-2.1\org.lwjgl\lwjgl-glfw\3.3.4\753fa860987242ceefa990a6062a18dff4908a33\lwjgl-glfw-3.3.4-natives-macos.jar;C:\Users\DELL\.gradle\caches\modules-2\files-2.1\org.lwjgl\lwjgl-glfw\3.3.4\4c358e983516fb6318b76c892ac35b79e8f2f8d9\lwjgl-glfw-3.3.4-natives-macos-arm64.jar;C:\Users\DELL\.gradle\caches\modules-2\files-2.1\org.lwjgl\lwjgl-glfw\3.3.4\370ef92d15819a123c643dd2b0fc3a2d40bb263c\lwjgl-glfw-3.3.4-natives-windows.jar;C:\Users\DELL\.gradle\caches\modules-2\files-2.1\org.lwjgl\lwjgl-glfw\3.3.4\3dbc102949a66255b95a31c2471f4c6a22b22737\lwjgl-glfw-3.3.4-natives-windows-x86.jar;C:\Users\DELL\.gradle\caches\modules-2\files-2.1\org.lwjgl\lwjgl-jemalloc\3.3.4\e3f5dcb8e13f3a5ed3f740fd30a114cee2a80bc4\lwjgl-jemalloc-3.3.4.jar;C:\Users\DELL\.gradle\caches\modules-2\files-2.1\org.lwjgl\lwjgl-jemalloc\3.3.4\4cf2f56192436b563f30524a5b389f3b37cae4af\lwjgl-jemalloc-3.3.4-natives-linux.jar;C:\Users\DELL\.gradle\caches\modules-2\files-2.1\org.lwjgl\lwjgl-jemalloc\3.3.4\ff12080e919f34a9fb9dae32c26b36048d1f3393\lwjgl-jemalloc-3.3.4-natives-linux-arm32.jar;C:\Users\DELL\.gradle\caches\modules-2\files-2.1\org.lwjgl\lwjgl-jemalloc\3.3.4\ebb67e23b0b83a8ee30f7b17eba6f289a43fd3f5\lwjgl-jemalloc-3.3.4-natives-linux-arm64.jar;C:\Users\DELL\.gradle\caches\modules-2\files-2.1\org.lwjgl\lwjgl-jemalloc\3.3.4\6c5d38aad1dbd1c4945bcbe86640e616ceb9588f\lwjgl-jemalloc-3.3.4-natives-linux-riscv64.jar;C:\Users\DELL\.gradle\caches\modules-2\files-2.1\org.lwjgl\lwjgl-jemalloc\3.3.4\bc99a9862de25a9bee2e340a2d404cd8933c5299\lwjgl-jemalloc-3.3.4-natives-macos.jar;C:\Users\DELL\.gradle\caches\modules-2\files-2.1\org.lwjgl\lwjgl-jemalloc\3.3.4\f7a7d32a5ec6b5f20756e8ea9aa54ec7e5401c4f\lwjgl-jemalloc-3.3.4-natives-macos-arm64.jar;C:\Users\DELL\.gradle\caches\modules-2\files-2.1\org.lwjgl\lwjgl-jemalloc\3.3.4\4fa19a3d8262e2d73d9632b70b753a2b67552951\lwjgl-jemalloc-3.3.4-natives-windows.jar;C:\Users\DELL\.gradle\caches\modules-2\files-2.1\org.lwjgl\lwjgl-jemalloc\3.3.4\54087cafb7c5e0d5dc440d1aa61fae9a7b384785\lwjgl-jemalloc-3.3.4-natives-windows-x86.jar;C:\Users\DELL\.gradle\caches\modules-2\files-2.1\org.lwjgl\lwjgl-openal\3.3.4\9b74d3ea380c83353d42af43ad9659e04dabe84a\lwjgl-openal-3.3.4.jar;C:\Users\DELL\.gradle\caches\modules-2\files-2.1\org.lwjgl\lwjgl-openal\3.3.4\45189277b5ac64b849de7293e8b1ef2cf2082102\lwjgl-openal-3.3.4-natives-linux.jar;C:\Users\DELL\.gradle\caches\modules-2\files-2.1\org.lwjgl\lwjgl-openal\3.3.4\2f9f237a80067a62ea6b5d2ca8e6ba7f09bdcdc6\lwjgl-openal-3.3.4-natives-linux-arm32.jar;C:\Users\DELL\.gradle\caches\modules-2\files-2.1\org.lwjgl\lwjgl-openal\3.3.4\81d51b1e4c0094d2888bd2fe8452af9afbf9838e\lwjgl-openal-3.3.4-natives-linux-arm64.jar;C:\Users\DELL\.gradle\caches\modules-2\files-2.1\org.lwjgl\lwjgl-openal\3.3.4\74c5ddf47ad6bee41348bbb0735008694b5315af\lwjgl-openal-3.3.4-natives-linux-riscv64.jar;C:\Users\DELL\.gradle\caches\modules-2\files-2.1\org.lwjgl\lwjgl-openal\3.3.4\e2adb6049c1931bdebd98844bca17b9ac2758447\lwjgl-openal-3.3.4-natives-macos.jar;C:\Users\DELL\.gradle\caches\modules-2\files-2.1\org.lwjgl\lwjgl-openal\3.3.4\a5dd94302fe588b081a5e5beecbfc4584a109c97\lwjgl-openal-3.3.4-natives-macos-arm64.jar;C:\Users\DELL\.gradle\caches\modules-2\files-2.1\org.lwjgl\lwjgl-openal\3.3.4\c4de8af803aacda71044418095a71cd63b569a15\lwjgl-openal-3.3.4-natives-windows.jar;C:\Users\DELL\.gradle\caches\modules-2\files-2.1\org.lwjgl\lwjgl-openal\3.3.4\35ccf6e634931b2f980bd232def11f81e66484a6\lwjgl-openal-3.3.4-natives-windows-x86.jar;C:\Users\DELL\.gradle\caches\modules-2\files-2.1\org.lwjgl\lwjgl-opengl\3.3.4\2852ac7d9f6fc71349f1ce28e2708ff1977f18af\lwjgl-opengl-3.3.4.jar;C:\Users\DELL\.gradle\caches\modules-2\files-2.1\org.lwjgl\lwjgl-opengl\3.3.4\789df76d2e3da55349d858dfb81442149af7c7f4\lwjgl-opengl-3.3.4-natives-linux.jar;C:\Users\DELL\.gradle\caches\modules-2\files-2.1\org.lwjgl\lwjgl-opengl\3.3.4\34d3574cdb6acaf41e809f935d8917dbb65ca5e6\lwjgl-opengl-3.3.4-natives-linux-arm32.jar;C:\Users\DELL\.gradle\caches\modules-2\files-2.1\org.lwjgl\lwjgl-opengl\3.3.4\26dfff75b853db7c5f1f37397c6f4899a4e24416\lwjgl-opengl-3.3.4-natives-linux-arm64.jar;C:\Users\DELL\.gradle\caches\modules-2\files-2.1\org.lwjgl\lwjgl-opengl\3.3.4\6ea07b47dd91af8f3ee4a24ddb3cbf086d157a4e\lwjgl-opengl-3.3.4-natives-linux-riscv64.jar;C:\Users\DELL\.gradle\caches\modules-2\files-2.1\org.lwjgl\lwjgl-opengl\3.3.4\ae0dd9d292744114f54d268a98cf1cd748b9994d\lwjgl-opengl-3.3.4-natives-macos.jar;C:\Users\DELL\.gradle\caches\modules-2\files-2.1\org.lwjgl\lwjgl-opengl\3.3.4\832e7deef981577ee7aeb3b9e1c74bc0e5d26cce\lwjgl-opengl-3.3.4-natives-macos-arm64.jar;C:\Users\DELL\.gradle\caches\modules-2\files-2.1\org.lwjgl\lwjgl-opengl\3.3.4\f7ca4e75573a9ce83075bd86bc8a3e49ff106696\lwjgl-opengl-3.3.4-natives-windows.jar;C:\Users\DELL\.gradle\caches\modules-2\files-2.1\org.lwjgl\lwjgl-opengl\3.3.4\b6d5c724826bac85640a6049f0a1ddf431181126\lwjgl-opengl-3.3.4-natives-windows-x86.jar;C:\Users\DELL\.gradle\caches\modules-2\files-2.1\org.lwjgl\lwjgl-stb\3.3.4\5821735d5ef23f6da8542887344e57eb181b7cac\lwjgl-stb-3.3.4.jar;C:\Users\DELL\.gradle\caches\modules-2\files-2.1\org.lwjgl\lwjgl-stb\3.3.4\dfc129f009495e6effe8a023d7c3f9cf519e86e3\lwjgl-stb-3.3.4-natives-linux.jar;C:\Users\DELL\.gradle\caches\modules-2\files-2.1\org.lwjgl\lwjgl-stb\3.3.4\d0df615de25e86afb4fec1ff20410a45797b5954\lwjgl-stb-3.3.4-natives-linux-arm32.jar;C:\Users\DELL\.gradle\caches\modules-2\files-2.1\org.lwjgl\lwjgl-stb\3.3.4\8a3459c48b72822997cb5b417cd8a4fd7766aecb\lwjgl-stb-3.3.4-natives-linux-arm64.jar;C:\Users\DELL\.gradle\caches\modules-2\files-2.1\org.lwjgl\lwjgl-stb\3.3.4\502804ee61eb7adb30bbb5e4459899f9a0cb23cf\lwjgl-stb-3.3.4-natives-linux-riscv64.jar;C:\Users\DELL\.gradle\caches\modules-2\files-2.1\org.lwjgl\lwjgl-stb\3.3.4\7f4d84292e503b155d9c251fdbdf5c3a8ec0545\lwjgl-stb-3.3.4-natives-macos.jar;C:\Users\DELL\.gradle\caches\modules-2\files-2.1\org.lwjgl\lwjgl-stb\3.3.4\42ce7e0be333378860b1aa9c0904478ee854a003\lwjgl-stb-3.3.4-natives-macos-arm64.jar;C:\Users\DELL\.gradle\caches\modules-2\files-2.1\org.lwjgl\lwjgl-stb\3.3.4\8310e565463ec8d369528e8b26a9b1518d079a01\lwjgl-stb-3.3.4-natives-windows.jar;C:\Users\DELL\.gradle\caches\modules-2\files-2.1\org.lwjgl\lwjgl-stb\3.3.4\d09beab94b973d0d919b1ceb3e057508c1f203f8\lwjgl-stb-3.3.4-natives-windows-x86.jar;C:\Users\DELL\.gradle\caches\modules-2\files-2.1\org.lwjgl\lwjgl\3.3.4\b86c3e4832426e8a6b466013b7cb34b40e9ce956\lwjgl-3.3.4.jar;C:\Users\DELL\.gradle\caches\modules-2\files-2.1\org.lwjgl\lwjgl\3.3.4\a7ccba1d3f2fef214943e74335a80cc65d04e49\lwjgl-3.3.4-natives-linux.jar;C:\Users\DELL\.gradle\caches\modules-2\files-2.1\org.lwjgl\lwjgl\3.3.4\da1e9d39555144fd0445e542c6f57abb199d7e79\lwjgl-3.3.4-natives-linux-arm32.jar;C:\Users\DELL\.gradle\caches\modules-2\files-2.1\org.lwjgl\lwjgl\3.3.4\620ead288ea92391f405003bfefcdef4588aa856\lwjgl-3.3.4-natives-linux-arm64.jar;C:\Users\DELL\.gradle\caches\modules-2\files-2.1\org.lwjgl\lwjgl\3.3.4\3ce36a5c5e6feb61bad2ea1426352482e04c6db1\lwjgl-3.3.4-natives-linux-riscv64.jar;C:\Users\DELL\.gradle\caches\modules-2\files-2.1\org.lwjgl\lwjgl\3.3.4\f952bb0894c946445942431de2e311feee635c00\lwjgl-3.3.4-natives-macos.jar;C:\Users\DELL\.gradle\caches\modules-2\files-2.1\org.lwjgl\lwjgl\3.3.4\d12785da7cdca4921603b5dd83f712f5cdba3fc4\lwjgl-3.3.4-natives-macos-arm64.jar;C:\Users\DELL\.gradle\caches\modules-2\files-2.1\org.lwjgl\lwjgl\3.3.4\dd0927c1348cdcd9573fa24b7278ec1ac2bb0a76\lwjgl-3.3.4-natives-windows.jar;C:\Users\DELL\.gradle\caches\modules-2\files-2.1\org.lwjgl\lwjgl\3.3.4\4da2cf3d17e4f8c654f71b0ce003712e540c1a9f\lwjgl-3.3.4-natives-windows-x86.jar;C:\Users\DELL\.gradle\caches\modules-2\files-2.1\com.badlogicgames.jlayer\jlayer\1.0.1-gdx\7cca83cec5c1b2f011362f4d85aabd71a73b049d\jlayer-1.0.1-gdx.jar;C:\Users\DELL\.gradle\caches\modules-2\files-2.1\org.jcraft\jorbis\0.0.17\8872d22b293e8f5d7d56ff92be966e6dc28ebdc6\jorbis-0.0.17.jar;C:\Users\DELL\.gradle\caches\modules-2\files-2.1\org.mini2Dx\universal-tween-engine\6.3.3\a65cd6d5c8c26adca5ddf8b4482238a422b33b18\universal-tween-engine-6.3.3.jar;C:\Users\DELL\.gradle\caches\modules-2\files-2.1\com.badlogicgames.gdx\gdx-jnigen-loader\2.5.2\f35e90affe07c46b4f5e5958a1a4c1820c4890e2\gdx-jnigen-loader-2.5.2.jar
Launcher Type: SUN_STANDARD

[Global flags]
     intx CICompilerCount                          = 12                                        {product} {ergonomic}
     uint ConcGCThreads                            = 3                                         {product} {ergonomic}
     uint G1ConcRefinementThreads                  = 13                                        {product} {ergonomic}
   size_t G1HeapRegionSize                         = 2097152                                   {product} {ergonomic}
   size_t InitialHeapSize                          = 264241152                                 {product} {ergonomic}
   size_t MarkStackSize                            = 4194304                                   {product} {ergonomic}
   size_t MaxHeapSize                              = 4213178368                                {product} {ergonomic}
   size_t MaxNewSize                               = 2527068160                                {product} {ergonomic}
   size_t MinHeapDeltaBytes                        = 2097152                                   {product} {ergonomic}
   size_t MinHeapSize                              = 8388608                                   {product} {ergonomic}
    uintx NonNMethodCodeHeapSize                   = 7602480                                {pd product} {ergonomic}
    uintx NonProfiledCodeHeapSize                  = 122027880                              {pd product} {ergonomic}
    uintx ProfiledCodeHeapSize                     = 122027880                              {pd product} {ergonomic}
    uintx ReservedCodeCacheSize                    = 251658240                              {pd product} {ergonomic}
     bool SegmentedCodeCache                       = true                                      {product} {ergonomic}
   size_t SoftMaxHeapSize                          = 4213178368                             {manageable} {ergonomic}
     bool UseCompressedOops                        = true                           {product lp64_product} {ergonomic}
     bool UseG1GC                                  = true                                      {product} {ergonomic}
     bool UseLargePagesIndividualAllocation        = false                                  {pd product} {ergonomic}

Logging:
Log output configuration:
 #0: stdout all=warning uptime,level,tags foldmultilines=false
 #1: stderr all=off uptime,level,tags foldmultilines=false

Environment Variables:
JAVA_HOME=C:\Users\DELL\.jdks\openjdk-22.0.2
PATH=C:\Program Files (x86)\Common Files\Oracle\Java\javapath;C:\Windows\system32;C:\Windows;C:\Windows\System32\Wbem;C:\Windows\System32\WindowsPowerShell\v1.0\;C:\Windows\System32\OpenSSH\;C:\Program Files\dotnet\;C:\Program Files\NVIDIA Corporation\NVIDIA NvDLISR;C:\Program Files (x86)\Windows Kits\10\Windows Performance Toolkit\;C:\Program Files\Git\cmd;C:\Program Files (x86)\NVIDIA Corporation\PhysX\Common;C:\Users\DELL\.jdks\openjdk-22.0.2\bin;C:\Users\DELL\AppData\Local\Programs\Python\Python311\Scripts\;C:\Users\DELL\AppData\Local\Programs\Python\Python311\;C:\Users\DELL\AppData\Local\Microsoft\WindowsApps;C:\Users\DELL\AppData\Local\GitHubDesktop\bin;C:\Users\DELL\AppData\Local\Programs\Microsoft VS Code\bin;C:\Users\DELL\.dotnet\tools;C:\Program Files\Vim\vim91;C:\Users\DELL\.diversion\bin;C:\Program Files\JetBrains\IntelliJ IDEA 2024.2.0.2\bin;
USERNAME=DELL
OS=Windows_NT
PROCESSOR_IDENTIFIER=Intel64 Family 6 Model 154 Stepping 3, GenuineIntel
TMP=C:\Users\DELL\AppData\Local\Temp
TEMP=C:\Users\DELL\AppData\Local\Temp




Periodic native trim disabled

---------------  S Y S T E M  ---------------

OS:
 Windows 11 , 64 bit Build 22621 (10.0.22621.4391)
OS uptime: 2 days 6:23 hours
Hyper-V role detected

CPU: total 16 (initial active 16) (8 cores per cpu, 2 threads per core) family 6 model 154 stepping 3 microcode 0x435, cx8, cmov, fxsr, ht, mmx, 3dnowpref, sse, sse2, sse3, ssse3, sse4.1, sse4.2, popcnt, lzcnt, tsc, tscinvbit, avx, avx2, aes, erms, clmul, bmi1, bmi2, adx, sha, fma, vzeroupper, clflush, clflushopt, clwb, hv, serialize, rdtscp, rdpid, fsrm, f16c, cet_ibt, cet_ss
Processor Information for processor 0
  Max Mhz: 2500, Current Mhz: 2500, Mhz Limit: 2500
Processor Information for processor 1
  Max Mhz: 2500, Current Mhz: 2500, Mhz Limit: 2500
Processor Information for processor 2
  Max Mhz: 2500, Current Mhz: 2500, Mhz Limit: 2500
Processor Information for processor 3
  Max Mhz: 2500, Current Mhz: 2500, Mhz Limit: 2500
Processor Information for processor 4
  Max Mhz: 2500, Current Mhz: 2500, Mhz Limit: 2500
Processor Information for processor 5
  Max Mhz: 2500, Current Mhz: 2500, Mhz Limit: 2500
Processor Information for processor 6
  Max Mhz: 2500, Current Mhz: 2500, Mhz Limit: 2500
Processor Information for processor 7
  Max Mhz: 2500, Current Mhz: 2500, Mhz Limit: 2500
Processor Information for processor 8
  Max Mhz: 2500, Current Mhz: 1800, Mhz Limit: 1800
Processor Information for processor 9
  Max Mhz: 2500, Current Mhz: 1800, Mhz Limit: 1800
Processor Information for processor 10
  Max Mhz: 2500, Current Mhz: 1800, Mhz Limit: 1800
Processor Information for processor 11
  Max Mhz: 2500, Current Mhz: 1800, Mhz Limit: 1800
Processor Information for processor 12
  Max Mhz: 2500, Current Mhz: 1800, Mhz Limit: 1800
Processor Information for processor 13
  Max Mhz: 2500, Current Mhz: 1500, Mhz Limit: 1800
Processor Information for processor 14
  Max Mhz: 2500, Current Mhz: 1800, Mhz Limit: 1800
Processor Information for processor 15
  Max Mhz: 2500, Current Mhz: 1500, Mhz Limit: 1800

Memory: 4k page, system-wide physical 16068M (2978M free)
TotalPageFile size 20164M (AvailPageFile size 4124M)
current process WorkingSet (physical memory assigned to process): 259M, peak: 260M
current process commit charge ("private bytes"): 519M, peak: 542M

vm_info: OpenJDK 64-Bit Server VM (22.0.2+9-70) for windows-amd64 JRE (22.0.2+9-70), built on 2024-06-04T16:52:23Z by "mach5one" with MS VC++ 17.6 (VS2022)

END.
